c[?7l[2J[0mSeaBIOS (version 1.16.3-debian-1.16.3-2)


iPXE (https://ipxe.org) 00:03.0 CA00 PCI2.10 PnP PMM+BEFCAD00+BEF0AD00 CA00
Press Ctrl-B to configure iPXE (PCI 00:03.0)...                                                                               


Booting from ROM...
c[?7l[2JACPI Error: AE_BAD_PARAMETER, During Region initialization (20240322/tbxfload-52)
ACPI: Unable to load the System Description Tables
ACPI Error: Could not remove SCI handler (20240322/evmisc-251)
Loading kmod.ko with params: driver=long_balance isolcpus=nohz,managed_irq,1,2 rcu_nocbs=1,2 nohz_full=1,2 
[92mLinux version: 6.10.0-rc5-long_balance_fixed[0m
[92m- name                : long_balance[0m
[92m- step_interval_us    : 10000[0m
[92m- print_rq            : 0[0m
[92m- print_tasks         : 0[0m
[92m- print_load_balance  : 0[0m
[92mDisabled workqueue on CPU 1[0m
[92mDisabled workqueue on CPU 2[0m
[92mMoved kthreads to CPU 0[0m
[92mTracing sched_softirq latency[0m
[92mTask created with pid 51[0m
sched_softirq: {"cpu": 2, "lat_us": 3.486}
sched_softirq: {"cpu": 1, "lat_us": 3.441}
sched_softirq: {"cpu": 1, "lat_us": 3.288}
sched_softirq: {"cpu": 2, "lat_us": 3.405}
Topology levels:
- SMT  |    0 |    1 |    2 | SHARE_CPUCAPACITY, SHARE_LLC
- CLS  |    0 |    1 |    2 | CLUSTER, SHARE_LLC
- MC   |  0-2 |  0-2 |  0-2 | SHARE_LLC
- PKG  |  0-2 |  0-2 |  0-2 | 
- NODE |  0-2 |  0-2 |  0-2 | 
Sched domains:
- MC[0]: mask=0-2, groups={0: 1024, 1: 1024, 2: 1024}, flags=BALANCE_NEWIDLE, BALANCE_EXEC, BALANCE_FORK, WAKE_AFFINE, SHARE_LLC, PREFER_SIBLING
- MC[1]: mask=0-2, groups={1: 1024, 2: 1024, 0: 1024}, flags=BALANCE_NEWIDLE, BALANCE_EXEC, BALANCE_FORK, WAKE_AFFINE, SHARE_LLC, PREFER_SIBLING
- MC[2]: mask=0-2, groups={2: 1024, 0: 1024, 1: 1024}, flags=BALANCE_NEWIDLE, BALANCE_EXEC, BALANCE_FORK, WAKE_AFFINE, SHARE_LLC, PREFER_SIBLING
[92mDisabled timer ticks on CPU 1[0m
[92mDisabled timer ticks on CPU 2[0m
[92mDisabled jiffies update[0m
[92mMocked sched clock[0m
[92mReset runqueues state[0m
[92mReset cpumask[0m
[92mReset tasks state[0m
[92mPatched init_tg_cfs_entry to set min vruntime[0m
[92mWriting /sys/module/printk/parameters/time: 1[0m
[   10.000000] [92mRunning driver long_balance[0m
[   10.000000] [92mPinned task 51 to CPUs 1-1[0m
[   10.000000] [92mForked task 51 20000 times[0m
[   10.001000] sched_softirq: {"cpu": 1, "lat_us": 1.667}
[   10.001000] sched_softirq: {"cpu": 2, "lat_us": 1.892}
[   10.003000] sched_softirq: {"cpu": 2, "lat_us": 11.721}
[   10.009000] sched_softirq: {"cpu": 2, "lat_us": 9.416}
[   10.021000] sched_softirq: {"cpu": 2, "lat_us": 9.016}
[   10.045000] sched_softirq: {"cpu": 2, "lat_us": 8.954}
[   10.047000] sched_softirq: {"cpu": 1, "lat_us": 4.603}
[   10.093000] sched_softirq: {"cpu": 2, "lat_us": 8.967}
[   10.142000] sched_softirq: {"cpu": 1, "lat_us": 1.492}
[   10.189000] sched_softirq: {"cpu": 2, "lat_us": 9.099}
[   10.237000] sched_softirq: {"cpu": 1, "lat_us": 1.382}
[   10.332000] sched_softirq: {"cpu": 1, "lat_us": 1.438}
[   10.381000] sched_softirq: {"cpu": 2, "lat_us": 9.968}
[   10.427000] sched_softirq: {"cpu": 1, "lat_us": 1.682}
[   10.522000] sched_softirq: {"cpu": 1, "lat_us": 7.124}
[   10.581000] sched_softirq: {"cpu": 2, "lat_us": 1143.545}
[   10.617000] sched_softirq: {"cpu": 1, "lat_us": 1.381}
[   10.712000] sched_softirq: {"cpu": 1, "lat_us": 1.177}
[   10.781000] sched_softirq: {"cpu": 2, "lat_us": 11.885}
[   10.807000] sched_softirq: {"cpu": 1, "lat_us": 1.361}
[   10.902000] sched_softirq: {"cpu": 1, "lat_us": 1.216}
[   10.981000] sched_softirq: {"cpu": 2, "lat_us": 9.526}
[   10.997000] sched_softirq: {"cpu": 1, "lat_us": 1.312}
[   11.092000] sched_softirq: {"cpu": 1, "lat_us": 11.552}
[   11.181000] sched_softirq: {"cpu": 2, "lat_us": 11.244}
[   11.187000] sched_softirq: {"cpu": 1, "lat_us": 1.367}
[   11.282000] sched_softirq: {"cpu": 1, "lat_us": 1.335}
[   11.377000] sched_softirq: {"cpu": 1, "lat_us": 1.332}
[   11.381000] sched_softirq: {"cpu": 2, "lat_us": 12.394}
[   11.472000] sched_softirq: {"cpu": 1, "lat_us": 1.275}
[   11.567000] sched_softirq: {"cpu": 1, "lat_us": 1.236}
[   11.581000] sched_softirq: {"cpu": 2, "lat_us": 12.661}
[   11.662000] sched_softirq: {"cpu": 1, "lat_us": 1.253}
[   11.757000] sched_softirq: {"cpu": 1, "lat_us": 1.260}
[   11.781000] sched_softirq: {"cpu": 2, "lat_us": 10.281}
[   11.852000] sched_softirq: {"cpu": 1, "lat_us": 1.342}
[   11.947000] sched_softirq: {"cpu": 1, "lat_us": 1.445}
[   11.981000] sched_softirq: {"cpu": 2, "lat_us": 11.725}
[   12.042000] sched_softirq: {"cpu": 1, "lat_us": 1.230}
[   12.137000] sched_softirq: {"cpu": 1, "lat_us": 1.226}
[   12.181000] sched_softirq: {"cpu": 2, "lat_us": 12.029}
[   12.232000] sched_softirq: {"cpu": 1, "lat_us": 1.166}
[   12.327000] sched_softirq: {"cpu": 1, "lat_us": 1.197}
[   12.381000] sched_softirq: {"cpu": 2, "lat_us": 12.691}
[   12.422000] sched_softirq: {"cpu": 1, "lat_us": 1.166}
[   12.517000] sched_softirq: {"cpu": 1, "lat_us": 1.347}
[   12.581000] sched_softirq: {"cpu": 2, "lat_us": 12.467}
[   12.612000] sched_softirq: {"cpu": 1, "lat_us": 1.232}
[   12.707000] sched_softirq: {"cpu": 1, "lat_us": 1.195}
[   12.781000] sched_softirq: {"cpu": 2, "lat_us": 11.916}
[   12.802000] sched_softirq: {"cpu": 1, "lat_us": 1.125}
[   12.897000] sched_softirq: {"cpu": 1, "lat_us": 1.243}
[   12.981000] sched_softirq: {"cpu": 2, "lat_us": 12.266}
[   12.992000] sched_softirq: {"cpu": 1, "lat_us": 1.303}
[   13.000000] [92mExiting driver long_balance on Linux 6.10.0-rc5-long_balance_fixed[0m
[   13.000000] reboot: Restarting system
[   13.000000] reboot: machine restart
