c[?7l[2J[0mSeaBIOS (version 1.16.3-debian-1.16.3-2)


iPXE (https://ipxe.org) 00:03.0 CA00 PCI2.10 PnP PMM+0EFCAD00+0EF0AD00 CA00
Press Ctrl-B to configure iPXE (PCI 00:03.0)...                                                                               


Booting from ROM..c[?7l[2J[0m.ACPI Error: AE_BAD_PARAMETER, During Region initialization (20240827/tbxfload-52)
ACPI: Unable to load the System Description Tables
ACPI Error: Could not remove SCI handler (20240827/evmisc-251)
Loading kmod.ko with params: driver=sync_wakeup isolcpus=nohz,managed_irq,1,2 rcu_nocbs=1,2 nohz_full=1,2 
[92mLinux version: 6.14.0-sync_wakeup_fixed[0m
[92m- name                : sync_wakeup[0m
[92m- step_interval_us    : 10000[0m
[92m- print_rq            : 1[0m
[92m- print_tasks         : 1[0m
[92m- print_load_balance  : 0[0m
[92mDisabled workqueue on CPU 1[0m
[92mDisabled workqueue on CPU 2[0m
[92mMoved kthreads to CPU 0[0m
[92mTask created with pid 52[0m
Topology levels:
- SMT  |    0 |    1 |    2 | SHARE_CPUCAPACITY, SHARE_LLC
- CLS  |    0 |    1 |    2 | CLUSTER, SHARE_LLC
- MC   |  0-2 |  0-2 |  0-2 | SHARE_LLC
- PKG  |  0-2 |  0-2 |  0-2 | 
- NODE |  0-2 |  0-2 |  0-2 | 
Sched domains:
- MC[0]: mask=0-2, groups={0: 1024, 1: 1024, 2: 1024}, flags=BALANCE_NEWIDLE, BALANCE_EXEC, BALANCE_FORK, WAKE_AFFINE, SHARE_LLC, PREFER_SIBLING
- MC[1]: mask=0-2, groups={1: 1024, 2: 1024, 0: 1024}, flags=BALANCE_NEWIDLE, BALANCE_EXEC, BALANCE_FORK, WAKE_AFFINE, SHARE_LLC, PREFER_SIBLING
- MC[2]: mask=0-2, groups={2: 1024, 0: 1024, 1: 1024}, flags=BALANCE_NEWIDLE, BALANCE_EXEC, BALANCE_FORK, WAKE_AFFINE, SHARE_LLC, PREFER_SIBLING
[92mDisabled timer ticks on CPU 1[0m
[92mDisabled timer ticks on CPU 2[0m
[92mDisabled jiffies update[0m
[92mMocked sched clock[0m
[92mReset runqueues state[0m
[92mReset cpumask[0m
[92mReset tasks state[0m
[92mPatched init_tg_cfs_entry to set min vruntime[0m
[92mWriting /sys/module/printk/parameters/time: 1[0m
[   10.000000] [92mRunning driver sync_wakeup[0m
[   10.000000] [92mPinned task 52 to CPUs 1-1[0m
[   10.000000] rq: {"cpu": 1, "running":  2, "queued":  2, "avg_load": 1024, "avg_util":    0, "min_vruntime":  10000000000, "avg_vruntime":  10000000000}
[   10.000000] rq: {"cpu": 2, "running":  0, "queued":  0, "avg_load":    0, "avg_util":    0, "min_vruntime":            0, "avg_vruntime":            0}
[   10.000000] task: {"pid": 52, "on_cpu":  true, "cpu": 1, "state": "R", "vruntime":  20000000000, "sum_exec":            0}
[   10.000000] task: {"pid": 53, "on_cpu": false, "cpu": 1, "state": "R", "vruntime":  20000000000, "sum_exec":  10000000000}
[   10.000000] task: {"pid": 54, "on_cpu": false, "cpu": 2, "state": "D", "vruntime":  10000000000, "sum_exec":            0}
[   10.001000] rq: {"cpu": 1, "running":  2, "queued":  2, "avg_load": 1024, "avg_util":    0, "min_vruntime":  10000000000, "avg_vruntime":  10000500000}
[   10.001000] rq: {"cpu": 2, "running":  0, "queued":  0, "avg_load":    0, "avg_util":    0, "min_vruntime":            0, "avg_vruntime":            0}
[   10.001000] task: {"pid": 52, "on_cpu":  true, "cpu": 1, "state": "R", "vruntime":  20001000000, "sum_exec":      1000000}
[   10.001000] task: {"pid": 53, "on_cpu": false, "cpu": 1, "state": "R", "vruntime":  20000000000, "sum_exec":  10000000000}
[   10.001000] task: {"pid": 54, "on_cpu": false, "cpu": 2, "state": "D", "vruntime":  10000000000, "sum_exec":            0}
[   10.002000] rq: {"cpu": 1, "running":  2, "queued":  2, "avg_load": 1024, "avg_util":   41, "min_vruntime":  10000000000, "avg_vruntime":  10001000000}
[   10.002000] rq: {"cpu": 2, "running":  0, "queued":  0, "avg_load":    0, "avg_util":    0, "min_vruntime":            0, "avg_vruntime":            0}
[   10.002000] task: {"pid": 52, "on_cpu": false, "cpu": 1, "state": "R", "vruntime":  20002000000, "sum_exec":      2000000}
[   10.002000] task: {"pid": 53, "on_cpu":  true, "cpu": 1, "state": "R", "vruntime":  20000000000, "sum_exec":  10000000000}
[   10.002000] task: {"pid": 54, "on_cpu": false, "cpu": 2, "state": "D", "vruntime":  10000000000, "sum_exec":            0}
[   10.003000] rq: {"cpu": 1, "running":  2, "queued":  2, "avg_load": 1024, "avg_util":   61, "min_vruntime":  10001000000, "avg_vruntime":  10001500000}
[   10.003000] rq: {"cpu": 2, "running":  0, "queued":  0, "avg_load":    0, "avg_util":    0, "min_vruntime":            0, "avg_vruntime":            0}
[   10.003000] task: {"pid": 52, "on_cpu": false, "cpu": 1, "state": "R", "vruntime":  20002000000, "sum_exec":      2000000}
[   10.003000] task: {"pid": 53, "on_cpu":  true, "cpu": 1, "state": "R", "vruntime":  20001000000, "sum_exec":  10001000000}
[   10.003000] task: {"pid": 54, "on_cpu": false, "cpu": 2, "state": "D", "vruntime":  10000000000, "sum_exec":            0}
[   10.004000] rq: {"cpu": 1, "running":  2, "queued":  2, "avg_load": 1024, "avg_util":   81, "min_vruntime":  10002000000, "avg_vruntime":  10002000000}
[   10.004000] rq: {"cpu": 2, "running":  0, "queued":  0, "avg_load":    0, "avg_util":    0, "min_vruntime":            0, "avg_vruntime":            0}
[   10.004000] task: {"pid": 52, "on_cpu":  true, "cpu": 1, "state": "R", "vruntime":  20002000000, "sum_exec":      2000000}
[   10.004000] task: {"pid": 53, "on_cpu": false, "cpu": 1, "state": "R", "vruntime":  20002000000, "sum_exec":  10002000000}
[   10.004000] task: {"pid": 54, "on_cpu": false, "cpu": 2, "state": "D", "vruntime":  10000000000, "sum_exec":            0}
[   10.005000] rq: {"cpu": 1, "running":  2, "queued":  2, "avg_load": 1024, "avg_util":  100, "min_vruntime":  10002000000, "avg_vruntime":  10002500000}
[   10.005000] rq: {"cpu": 2, "running":  0, "queued":  0, "avg_load":    0, "avg_util":    0, "min_vruntime":            0, "avg_vruntime":            0}
[   10.005000] task: {"pid": 52, "on_cpu":  true, "cpu": 1, "state": "R", "vruntime":  20003000000, "sum_exec":      3000000}
[   10.005000] task: {"pid": 53, "on_cpu": false, "cpu": 1, "state": "R", "vruntime":  20002000000, "sum_exec":  10002000000}
[   10.005000] task: {"pid": 54, "on_cpu": false, "cpu": 2, "state": "D", "vruntime":  10000000000, "sum_exec":            0}
[   10.006000] rq: {"cpu": 1, "running":  2, "queued":  2, "avg_load": 1024, "avg_util":  119, "min_vruntime":  10002000000, "avg_vruntime":  10003000000}
[   10.006000] rq: {"cpu": 2, "running":  0, "queued":  0, "avg_load":    0, "avg_util":    0, "min_vruntime":            0, "avg_vruntime":            0}
[   10.006000] task: {"pid": 52, "on_cpu": false, "cpu": 1, "state": "R", "vruntime":  20004000000, "sum_exec":      4000000}
[   10.006000] task: {"pid": 53, "on_cpu":  true, "cpu": 1, "state": "R", "vruntime":  20002000000, "sum_exec":  10002000000}
[   10.006000] task: {"pid": 54, "on_cpu": false, "cpu": 2, "state": "D", "vruntime":  10000000000, "sum_exec":            0}
[   10.007000] rq: {"cpu": 1, "running":  2, "queued":  2, "avg_load": 1024, "avg_util":  137, "min_vruntime":  10003000000, "avg_vruntime":  10003500000}
[   10.007000] rq: {"cpu": 2, "running":  0, "queued":  0, "avg_load":    0, "avg_util":    0, "min_vruntime":            0, "avg_vruntime":            0}
[   10.007000] task: {"pid": 52, "on_cpu": false, "cpu": 1, "state": "R", "vruntime":  20004000000, "sum_exec":      4000000}
[   10.007000] task: {"pid": 53, "on_cpu":  true, "cpu": 1, "state": "R", "vruntime":  20003000000, "sum_exec":  10003000000}
[   10.007000] task: {"pid": 54, "on_cpu": false, "cpu": 2, "state": "D", "vruntime":  10000000000, "sum_exec":            0}
[   10.008000] rq: {"cpu": 1, "running":  2, "queued":  2, "avg_load": 1024, "avg_util":  156, "min_vruntime":  10004000000, "avg_vruntime":  10004000000}
[   10.008000] rq: {"cpu": 2, "running":  0, "queued":  0, "avg_load":    0, "avg_util":    0, "min_vruntime":            0, "avg_vruntime":            0}
[   10.008000] task: {"pid": 52, "on_cpu":  true, "cpu": 1, "state": "R", "vruntime":  20004000000, "sum_exec":      4000000}
[   10.008000] task: {"pid": 53, "on_cpu": false, "cpu": 1, "state": "R", "vruntime":  20004000000, "sum_exec":  10004000000}
[   10.008000] task: {"pid": 54, "on_cpu": false, "cpu": 2, "state": "D", "vruntime":  10000000000, "sum_exec":            0}
[   10.009000] rq: {"cpu": 1, "running":  2, "queued":  2, "avg_load": 1024, "avg_util":  173, "min_vruntime":  10004000000, "avg_vruntime":  10004500000}
[   10.009000] rq: {"cpu": 2, "running":  0, "queued":  0, "avg_load":    0, "avg_util":    0, "min_vruntime":            0, "avg_vruntime":            0}
[   10.009000] task: {"pid": 52, "on_cpu":  true, "cpu": 1, "state": "R", "vruntime":  20005000000, "sum_exec":      5000000}
[   10.009000] task: {"pid": 53, "on_cpu": false, "cpu": 1, "state": "R", "vruntime":  20004000000, "sum_exec":  10004000000}
[   10.009000] task: {"pid": 54, "on_cpu": false, "cpu": 2, "state": "D", "vruntime":  10000000000, "sum_exec":            0}
[   10.010000] rq: {"cpu": 1, "running":  2, "queued":  2, "avg_load": 1024, "avg_util":  191, "min_vruntime":  10004000000, "avg_vruntime":  10005000000}
[   10.010000] rq: {"cpu": 2, "running":  0, "queued":  0, "avg_load":    0, "avg_util":    0, "min_vruntime":            0, "avg_vruntime":            0}
[   10.010000] task: {"pid": 52, "on_cpu": false, "cpu": 1, "state": "R", "vruntime":  20006000000, "sum_exec":      6000000}
[   10.010000] task: {"pid": 53, "on_cpu":  true, "cpu": 1, "state": "R", "vruntime":  20004000000, "sum_exec":  10004000000}
[   10.010000] task: {"pid": 54, "on_cpu": false, "cpu": 2, "state": "D", "vruntime":  10000000000, "sum_exec":            0}
[   10.011000] rq: {"cpu": 1, "running":  2, "queued":  2, "avg_load": 1024, "avg_util":  208, "min_vruntime":  10005000000, "avg_vruntime":  10005500000}
[   10.011000] rq: {"cpu": 2, "running":  0, "queued":  0, "avg_load":    0, "avg_util":    0, "min_vruntime":            0, "avg_vruntime":            0}
[   10.011000] task: {"pid": 52, "on_cpu": false, "cpu": 1, "state": "R", "vruntime":  20006000000, "sum_exec":      6000000}
[   10.011000] task: {"pid": 53, "on_cpu":  true, "cpu": 1, "state": "R", "vruntime":  20005000000, "sum_exec":  10005000000}
[   10.011000] task: {"pid": 54, "on_cpu": false, "cpu": 2, "state": "D", "vruntime":  10000000000, "sum_exec":            0}
[   10.012000] rq: {"cpu": 1, "running":  2, "queued":  2, "avg_load": 1024, "avg_util":  224, "min_vruntime":  10006000000, "avg_vruntime":  10006000000}
[   10.012000] rq: {"cpu": 2, "running":  0, "queued":  0, "avg_load":    0, "avg_util":    0, "min_vruntime":            0, "avg_vruntime":            0}
[   10.012000] task: {"pid": 52, "on_cpu":  true, "cpu": 1, "state": "R", "vruntime":  20006000000, "sum_exec":      6000000}
[   10.012000] task: {"pid": 53, "on_cpu": false, "cpu": 1, "state": "R", "vruntime":  20006000000, "sum_exec":  10006000000}
[   10.012000] task: {"pid": 54, "on_cpu": false, "cpu": 2, "state": "D", "vruntime":  10000000000, "sum_exec":            0}
[   10.013000] rq: {"cpu": 1, "running":  2, "queued":  2, "avg_load": 1024, "avg_util":  241, "min_vruntime":  10006000000, "avg_vruntime":  10006500000}
[   10.013000] rq: {"cpu": 2, "running":  0, "queued":  0, "avg_load":    0, "avg_util":    0, "min_vruntime":            0, "avg_vruntime":            0}
[   10.013000] task: {"pid": 52, "on_cpu":  true, "cpu": 1, "state": "R", "vruntime":  20007000000, "sum_exec":      7000000}
[   10.013000] task: {"pid": 53, "on_cpu": false, "cpu": 1, "state": "R", "vruntime":  20006000000, "sum_exec":  10006000000}
[   10.013000] task: {"pid": 54, "on_cpu": false, "cpu": 2, "state": "D", "vruntime":  10000000000, "sum_exec":            0}
[   10.014000] rq: {"cpu": 1, "running":  2, "queued":  2, "avg_load": 1024, "avg_util":  257, "min_vruntime":  10006000000, "avg_vruntime":  10007000000}
[   10.014000] rq: {"cpu": 2, "running":  0, "queued":  0, "avg_load":    0, "avg_util":    0, "min_vruntime":            0, "avg_vruntime":            0}
[   10.014000] task: {"pid": 52, "on_cpu": false, "cpu": 1, "state": "R", "vruntime":  20008000000, "sum_exec":      8000000}
[   10.014000] task: {"pid": 53, "on_cpu":  true, "cpu": 1, "state": "R", "vruntime":  20006000000, "sum_exec":  10006000000}
[   10.014000] task: {"pid": 54, "on_cpu": false, "cpu": 2, "state": "D", "vruntime":  10000000000, "sum_exec":            0}
[   10.015000] rq: {"cpu": 1, "running":  2, "queued":  2, "avg_load": 1024, "avg_util":  272, "min_vruntime":  10007000000, "avg_vruntime":  10007500000}
[   10.015000] rq: {"cpu": 2, "running":  0, "queued":  0, "avg_load":    0, "avg_util":    0, "min_vruntime":            0, "avg_vruntime":            0}
[   10.015000] task: {"pid": 52, "on_cpu": false, "cpu": 1, "state": "R", "vruntime":  20008000000, "sum_exec":      8000000}
[   10.015000] task: {"pid": 53, "on_cpu":  true, "cpu": 1, "state": "R", "vruntime":  20007000000, "sum_exec":  10007000000}
[   10.015000] task: {"pid": 54, "on_cpu": false, "cpu": 2, "state": "D", "vruntime":  10000000000, "sum_exec":            0}
[   10.016000] rq: {"cpu": 1, "running":  2, "queued":  2, "avg_load": 1024, "avg_util":  288, "min_vruntime":  10008000000, "avg_vruntime":  10008000000}
[   10.016000] rq: {"cpu": 2, "running":  0, "queued":  0, "avg_load":    0, "avg_util":    0, "min_vruntime":            0, "avg_vruntime":            0}
[   10.016000] task: {"pid": 52, "on_cpu":  true, "cpu": 1, "state": "R", "vruntime":  20008000000, "sum_exec":      8000000}
[   10.016000] task: {"pid": 53, "on_cpu": false, "cpu": 1, "state": "R", "vruntime":  20008000000, "sum_exec":  10008000000}
[   10.016000] task: {"pid": 54, "on_cpu": false, "cpu": 2, "state": "D", "vruntime":  10000000000, "sum_exec":            0}
[   10.017000] rq: {"cpu": 1, "running":  2, "queued":  2, "avg_load": 1024, "avg_util":  303, "min_vruntime":  10008000000, "avg_vruntime":  10008500000}
[   10.017000] rq: {"cpu": 2, "running":  0, "queued":  0, "avg_load":    0, "avg_util":    0, "min_vruntime":            0, "avg_vruntime":            0}
[   10.017000] task: {"pid": 52, "on_cpu":  true, "cpu": 1, "state": "R", "vruntime":  20009000000, "sum_exec":      9000000}
[   10.017000] task: {"pid": 53, "on_cpu": false, "cpu": 1, "state": "R", "vruntime":  20008000000, "sum_exec":  10008000000}
[   10.017000] task: {"pid": 54, "on_cpu": false, "cpu": 2, "state": "D", "vruntime":  10000000000, "sum_exec":            0}
[   10.018000] rq: {"cpu": 1, "running":  2, "queued":  2, "avg_load": 1024, "avg_util":  318, "min_vruntime":  10008000000, "avg_vruntime":  10009000000}
[   10.018000] rq: {"cpu": 2, "running":  0, "queued":  0, "avg_load":    0, "avg_util":    0, "min_vruntime":            0, "avg_vruntime":            0}
[   10.018000] task: {"pid": 52, "on_cpu": false, "cpu": 1, "state": "R", "vruntime":  20010000000, "sum_exec":     10000000}
[   10.018000] task: {"pid": 53, "on_cpu":  true, "cpu": 1, "state": "R", "vruntime":  20008000000, "sum_exec":  10008000000}
[   10.018000] task: {"pid": 54, "on_cpu": false, "cpu": 2, "state": "D", "vruntime":  10000000000, "sum_exec":            0}
[   10.019000] rq: {"cpu": 1, "running":  2, "queued":  2, "avg_load": 1024, "avg_util":  332, "min_vruntime":  10009000000, "avg_vruntime":  10009500000}
[   10.019000] rq: {"cpu": 2, "running":  0, "queued":  0, "avg_load":    0, "avg_util":    0, "min_vruntime":            0, "avg_vruntime":            0}
[   10.019000] task: {"pid": 52, "on_cpu": false, "cpu": 1, "state": "R", "vruntime":  20010000000, "sum_exec":     10000000}
[   10.019000] task: {"pid": 53, "on_cpu":  true, "cpu": 1, "state": "R", "vruntime":  20009000000, "sum_exec":  10009000000}
[   10.019000] task: {"pid": 54, "on_cpu": false, "cpu": 2, "state": "D", "vruntime":  10000000000, "sum_exec":            0}
[   10.020000] rq: {"cpu": 1, "running":  2, "queued":  2, "avg_load": 1024, "avg_util":  346, "min_vruntime":  10010000000, "avg_vruntime":  10010000000}
[   10.020000] rq: {"cpu": 2, "running":  0, "queued":  0, "avg_load":    0, "avg_util":    0, "min_vruntime":            0, "avg_vruntime":            0}
[   10.020000] task: {"pid": 52, "on_cpu":  true, "cpu": 1, "state": "R", "vruntime":  20010000000, "sum_exec":     10000000}
[   10.020000] task: {"pid": 53, "on_cpu": false, "cpu": 1, "state": "R", "vruntime":  20010000000, "sum_exec":  10010000000}
[   10.020000] task: {"pid": 54, "on_cpu": false, "cpu": 2, "state": "D", "vruntime":  10000000000, "sum_exec":            0}
[   10.021000] [92mPaused task 52[0m
[   10.021000] rq: {"cpu": 1, "running":  1, "queued":  2, "avg_load": 1024, "avg_util":  360, "min_vruntime":  10010500000, "avg_vruntime":  10010750000}
[   10.021000] rq: {"cpu": 2, "running":  0, "queued":  0, "avg_load":    0, "avg_util":    0, "min_vruntime":            0, "avg_vruntime":            0}
[   10.021000] task: {"pid": 52, "on_cpu": false, "cpu": 1, "state": "S", "vruntime":  20011000000, "sum_exec":     11000000}
[   10.021000] task: {"pid": 54, "on_cpu":  true, "cpu": 1, "state": "R", "vruntime":  20010500000, "sum_exec":            0}
[   10.022000] rq: {"cpu": 1, "running":  1, "queued":  2, "avg_load": 1024, "avg_util":  187, "min_vruntime":  10011000000, "avg_vruntime":  10011250000}
[   10.022000] rq: {"cpu": 2, "running":  0, "queued":  0, "avg_load":    0, "avg_util":    0, "min_vruntime":            0, "avg_vruntime":            0}
[   10.022000] task: {"pid": 52, "on_cpu": false, "cpu": 1, "state": "S", "vruntime":  20011000000, "sum_exec":     11000000}
[   10.022000] task: {"pid": 54, "on_cpu":  true, "cpu": 1, "state": "R", "vruntime":  20011500000, "sum_exec":      1000000}
[   10.023000] rq: {"cpu": 1, "running":  1, "queued":  2, "avg_load": 1024, "avg_util":  221, "min_vruntime":  10011000000, "avg_vruntime":  10011750000}
[   10.023000] rq: {"cpu": 2, "running":  0, "queued":  0, "avg_load":    0, "avg_util":    0, "min_vruntime":            0, "avg_vruntime":            0}
[   10.023000] task: {"pid": 52, "on_cpu": false, "cpu": 1, "state": "S", "vruntime":  20011000000, "sum_exec":     11000000}
[   10.023000] task: {"pid": 54, "on_cpu":  true, "cpu": 1, "state": "R", "vruntime":  20012500000, "sum_exec":      2000000}
[   10.024000] rq: {"cpu": 1, "running":  1, "queued":  2, "avg_load": 1024, "avg_util":  237, "min_vruntime":  10011000000, "avg_vruntime":  10012250000}
[   10.024000] rq: {"cpu": 2, "running":  0, "queued":  0, "avg_load":    0, "avg_util":    0, "min_vruntime":            0, "avg_vruntime":            0}
[   10.024000] task: {"pid": 52, "on_cpu": false, "cpu": 1, "state": "S", "vruntime":  20011000000, "sum_exec":     11000000}
[   10.024000] task: {"pid": 54, "on_cpu":  true, "cpu": 1, "state": "R", "vruntime":  20013500000, "sum_exec":      3000000}
[   10.025000] rq: {"cpu": 1, "running":  1, "queued":  2, "avg_load": 1024, "avg_util":  253, "min_vruntime":  10011000000, "avg_vruntime":  10012750000}
[   10.025000] rq: {"cpu": 2, "running":  0, "queued":  0, "avg_load":    0, "avg_util":    0, "min_vruntime":            0, "avg_vruntime":            0}
[   10.025000] task: {"pid": 52, "on_cpu": false, "cpu": 1, "state": "S", "vruntime":  20011000000, "sum_exec":     11000000}
[   10.025000] task: {"pid": 54, "on_cpu":  true, "cpu": 1, "state": "R", "vruntime":  20014500000, "sum_exec":      4000000}
[   10.026000] rq: {"cpu": 1, "running":  1, "queued":  2, "avg_load": 1024, "avg_util":  269, "min_vruntime":  10011000000, "avg_vruntime":  10013250000}
[   10.026000] rq: {"cpu": 2, "running":  0, "queued":  0, "avg_load":    0, "avg_util":    0, "min_vruntime":            0, "avg_vruntime":            0}
[   10.026000] task: {"pid": 52, "on_cpu": false, "cpu": 1, "state": "S", "vruntime":  20011000000, "sum_exec":     11000000}
[   10.026000] task: {"pid": 54, "on_cpu":  true, "cpu": 1, "state": "R", "vruntime":  20015500000, "sum_exec":      5000000}
[   10.027000] rq: {"cpu": 1, "running":  1, "queued":  2, "avg_load": 1024, "avg_util":  285, "min_vruntime":  10011000000, "avg_vruntime":  10013750000}
[   10.027000] rq: {"cpu": 2, "running":  0, "queued":  0, "avg_load":    0, "avg_util":    0, "min_vruntime":            0, "avg_vruntime":            0}
[   10.027000] task: {"pid": 52, "on_cpu": false, "cpu": 1, "state": "S", "vruntime":  20011000000, "sum_exec":     11000000}
[   10.027000] task: {"pid": 54, "on_cpu":  true, "cpu": 1, "state": "R", "vruntime":  20016500000, "sum_exec":      6000000}
[   10.028000] rq: {"cpu": 1, "running":  1, "queued":  2, "avg_load": 1024, "avg_util":  300, "min_vruntime":  10011000000, "avg_vruntime":  10014250000}
[   10.028000] rq: {"cpu": 2, "running":  0, "queued":  0, "avg_load":    0, "avg_util":    0, "min_vruntime":            0, "avg_vruntime":            0}
[   10.028000] task: {"pid": 52, "on_cpu": false, "cpu": 1, "state": "S", "vruntime":  20011000000, "sum_exec":     11000000}
[   10.028000] task: {"pid": 54, "on_cpu":  true, "cpu": 1, "state": "R", "vruntime":  20017500000, "sum_exec":      7000000}
[   10.029000] rq: {"cpu": 1, "running":  1, "queued":  2, "avg_load": 1024, "avg_util":  315, "min_vruntime":  10011000000, "avg_vruntime":  10014750000}
[   10.029000] rq: {"cpu": 2, "running":  0, "queued":  0, "avg_load":    0, "avg_util":    0, "min_vruntime":            0, "avg_vruntime":            0}
[   10.029000] task: {"pid": 52, "on_cpu": false, "cpu": 1, "state": "S", "vruntime":  20011000000, "sum_exec":     11000000}
[   10.029000] task: {"pid": 54, "on_cpu":  true, "cpu": 1, "state": "R", "vruntime":  20018500000, "sum_exec":      8000000}
[   10.030000] rq: {"cpu": 1, "running":  1, "queued":  2, "avg_load": 1024, "avg_util":  329, "min_vruntime":  10011000000, "avg_vruntime":  10015250000}
[   10.030000] rq: {"cpu": 2, "running":  0, "queued":  0, "avg_load":    0, "avg_util":    0, "min_vruntime":            0, "avg_vruntime":            0}
[   10.030000] task: {"pid": 52, "on_cpu": false, "cpu": 1, "state": "S", "vruntime":  20011000000, "sum_exec":     11000000}
[   10.030000] task: {"pid": 54, "on_cpu":  true, "cpu": 1, "state": "R", "vruntime":  20019500000, "sum_exec":      9000000}
[   10.031000] [92mExiting driver sync_wakeup on Linux 6.14.0-sync_wakeup_fixed[0m
[   10.031000] reboot: Restarting system
[   10.031000] reboot: machine restart
