c[?7l[2J[0mSeaBIOS (version 1.16.3-debian-1.16.3-2)


iPXE (https://ipxe.org) 00:03.0 CA00 PCI2.10 PnP PMM+0EFCAD00+0EF0AD00 CA00
Press Ctrl-B to configure iPXE (PCI 00:03.0)...                                                                               


Booting from ROM..c[?7l[2J[0m.ACPI Error: AE_BAD_PARAMETER, During Region initialization (20250807/tbxfload-52)
ACPI: Unable to load the System Description Tables
ACPI Error: Could not remove SCI handler (20250807/evmisc-251)
Loading kmod.ko with params: driver=throttled_limbo_list isolcpus=nohz,managed_irq,1,2 rcu_nocbs=1,2 nohz_full=1,2 
[92mLinux version: 6.18.0-rc4-throttled_limbo_list_buggy[0m
[92m- name                : throttled_limbo_list[0m
[92m- step_interval_us    : 1000[0m
[92m- print_rq            : 1[0m
[92m- print_tasks         : 1[0m
[92m- print_load_balance  : 0[0m
[92mDisabled workqueue on CPU 1[0m
[92mMoved kthreads to CPU 0[0m
[92mWriting /sys/fs/cgroup//cgroup.subtree_control: +cpu +cpuset[0m
[92mCreated directory /sys/fs/cgroup/A[0m
[92mWriting /sys/fs/cgroup/A/cgroup.subtree_control: +cpu +cpuset[0m
[92mCreated directory /sys/fs/cgroup/A/B[0m
[92mWriting /sys/fs/cgroup/A/B/cgroup.subtree_control: +cpu +cpuset[0m
[92mCreated directory /sys/fs/cgroup/A/B/C[0m
[92mWriting /sys/fs/cgroup/A/B/C/cgroup.subtree_control: +cpu +cpuset[0m
[92mCreated directory /sys/fs/cgroup/A/D[0m
[92mWriting /sys/fs/cgroup/A/D/cgroup.subtree_control: +cpu +cpuset[0m
[92mWriting /sys/fs/cgroup/A/cpu.max: 1000 100000[0m
[92mWriting /sys/fs/cgroup/A/B/C/cpu.max: 1000 100000[0m
[92mTask created with pid 41[0m
[92mTask created with pid 42[0m
[92mWaiting for task 42 to start[0m
[92mWriting /sys/fs/cgroup/A/D/cgroup.procs: 41[0m
[92mWriting /sys/fs/cgroup/A/D/cgroup.procs: 42[0m
Topology levels:
- CLS  |    0 |    1 | CLUSTER, SHARE_LLC
- MC   |  0-1 |  0-1 | SHARE_LLC
- PKG  |  0-1 |  0-1 | 
- NODE |  0-1 |  0-1 | 
Sched domains:
- MC[0]: mask=0-1, groups={0: 1024, 1: 1024}, flags=BALANCE_NEWIDLE, BALANCE_EXEC, BALANCE_FORK, WAKE_AFFINE, SHARE_LLC, PREFER_SIBLING
- MC[1]: mask=0-1, groups={1: 1024, 0: 1024}, flags=BALANCE_NEWIDLE, BALANCE_EXEC, BALANCE_FORK, WAKE_AFFINE, SHARE_LLC, PREFER_SIBLING
[92mDisabled timer ticks on CPU 1[0m
[92mDisabled jiffies update[0m
[92mMocked sched clock[0m
[92mReset runqueues state[0m
[92mReset cpumask[0m
[92mReset tasks state[0m
[92mPatched init_tg_cfs_entry to set min vruntime[0m
[92mWriting /sys/module/printk/parameters/time: 1[0m
[   10.000000] [92mRunning driver throttled_limbo_list[0m
[   10.000000] [92mWaked up task 41[0m
[   10.000000] [92mWaked up task 42[0m
[   10.000000] rq: {"cpu": 1, "running":  2, "queued":  2, "avg_load":    0, "avg_util":    0, "min_vruntime":            0, "avg_vruntime":            0}
[   10.000000] task: {"pid": 41, "on_cpu":  true, "cpu": 1, "state": "R", "vruntime":     -1048576, "sum_exec":            0}
[   10.000000] task: {"pid": 42, "on_cpu": false, "cpu": 1, "state": "R", "vruntime":     -1048576, "sum_exec":            0}
[   10.001000] rq: {"cpu": 1, "running":  2, "queued":  2, "avg_load":    0, "avg_util":    0, "min_vruntime":      1000000, "avg_vruntime":      1000000}
[   10.001000] task: {"pid": 41, "on_cpu":  true, "cpu": 1, "state": "R", "vruntime":       -48576, "sum_exec":      1000000}
[   10.001000] task: {"pid": 42, "on_cpu": false, "cpu": 1, "state": "R", "vruntime":     -1048576, "sum_exec":            0}
[   10.002000] [92mBoth tasks throttled; migrating to C while A is throttled[0m
[   10.002000] [92mWriting /sys/fs/cgroup/A/B/C/cgroup.procs: 41[0m
[   10.002000] [92mWriting /sys/fs/cgroup/A/B/C/cgroup.procs: 42[0m
[   10.002000] [92mC cfs_rq: throttled=0 throttle_count=1 runtime_remaining=0[0m
[   10.002000] [92mForced C bandwidth runtime=0[0m
[   10.002000] rq: {"cpu": 1, "running":  0, "queued":  0, "avg_load":    0, "avg_util":   41, "min_vruntime":      2000000, "avg_vruntime":      2000000}
[   10.002000] task: {"pid": 41, "on_cpu": false, "cpu": 1, "state": "R", "vruntime":       951424, "sum_exec":      2000000}
[   10.002000] task: {"pid": 42, "on_cpu": false, "cpu": 1, "state": "R", "vruntime":     -1048576, "sum_exec":            0}
[   10.003000] rq: {"cpu": 1, "running":  0, "queued":  0, "avg_load":    0, "avg_util":   40, "min_vruntime":      2000000, "avg_vruntime":      2000000}
[   10.003000] task: {"pid": 41, "on_cpu": false, "cpu": 1, "state": "R", "vruntime":       951424, "sum_exec":      2000000}
[   10.003000] task: {"pid": 42, "on_cpu": false, "cpu": 1, "state": "R", "vruntime":     -1048576, "sum_exec":            0}
[   10.004000] rq: {"cpu": 1, "running":  0, "queued":  0, "avg_load":    0, "avg_util":   40, "min_vruntime":      2000000, "avg_vruntime":      2000000}
[   10.004000] task: {"pid": 41, "on_cpu": false, "cpu": 1, "state": "R", "vruntime":       951424, "sum_exec":      2000000}
[   10.004000] task: {"pid": 42, "on_cpu": false, "cpu": 1, "state": "R", "vruntime":     -1048576, "sum_exec":            0}
[   10.005000] rq: {"cpu": 1, "running":  0, "queued":  0, "avg_load":    0, "avg_util":   40, "min_vruntime":      2000000, "avg_vruntime":      2000000}
[   10.005000] task: {"pid": 41, "on_cpu": false, "cpu": 1, "state": "R", "vruntime":       951424, "sum_exec":      2000000}
[   10.005000] task: {"pid": 42, "on_cpu": false, "cpu": 1, "state": "R", "vruntime":     -1048576, "sum_exec":            0}
[   10.006000] rq: {"cpu": 1, "running":  0, "queued":  0, "avg_load":    0, "avg_util":   40, "min_vruntime":      2000000, "avg_vruntime":      2000000}
[   10.006000] task: {"pid": 41, "on_cpu": false, "cpu": 1, "state": "R", "vruntime":       951424, "sum_exec":      2000000}
[   10.006000] task: {"pid": 42, "on_cpu": false, "cpu": 1, "state": "R", "vruntime":     -1048576, "sum_exec":            0}
[   10.007000] rq: {"cpu": 1, "running":  0, "queued":  0, "avg_load":    0, "avg_util":   58, "min_vruntime":      3000000, "avg_vruntime":      3000000}
[   10.007000] task: {"pid": 41, "on_cpu": false, "cpu": 1, "state": "R", "vruntime":     -1048576, "sum_exec":      2000000}
[   10.007000] task: {"pid": 42, "on_cpu": false, "cpu": 1, "state": "R", "vruntime":       -48576, "sum_exec":      1000000}
[   10.008000] rq: {"cpu": 1, "running":  0, "queued":  0, "avg_load":    0, "avg_util":   56, "min_vruntime":      3000000, "avg_vruntime":      3000000}
[   10.008000] task: {"pid": 41, "on_cpu": false, "cpu": 1, "state": "R", "vruntime":     -1048576, "sum_exec":      2000000}
[   10.008000] task: {"pid": 42, "on_cpu": false, "cpu": 1, "state": "R", "vruntime":       -48576, "sum_exec":      1000000}
[   10.009000] rq: {"cpu": 1, "running":  0, "queued":  0, "avg_load":    0, "avg_util":   56, "min_vruntime":      3000000, "avg_vruntime":      3000000}
[   10.009000] task: {"pid": 41, "on_cpu": false, "cpu": 1, "state": "R", "vruntime":     -1048576, "sum_exec":      2000000}
[   10.009000] task: {"pid": 42, "on_cpu": false, "cpu": 1, "state": "R", "vruntime":       -48576, "sum_exec":      1000000}
[   10.010000] rq: {"cpu": 1, "running":  0, "queued":  0, "avg_load":    0, "avg_util":   56, "min_vruntime":      3000000, "avg_vruntime":      3000000}
[   10.010000] task: {"pid": 41, "on_cpu": false, "cpu": 1, "state": "R", "vruntime":     -1048576, "sum_exec":      2000000}
[   10.010000] task: {"pid": 42, "on_cpu": false, "cpu": 1, "state": "R", "vruntime":       -48576, "sum_exec":      1000000}
[   10.011000] rq: {"cpu": 1, "running":  0, "queued":  0, "avg_load":    0, "avg_util":   56, "min_vruntime":      3000000, "avg_vruntime":      3000000}
[   10.011000] task: {"pid": 41, "on_cpu": false, "cpu": 1, "state": "R", "vruntime":     -1048576, "sum_exec":      2000000}
[   10.011000] task: {"pid": 42, "on_cpu": false, "cpu": 1, "state": "R", "vruntime":       -48576, "sum_exec":      1000000}
[   10.012000] [92mDisabling A quota to trigger unthrottle path[0m
[   10.012000] [92mWriting /sys/fs/cgroup/A/cpu.max: max 100000[0m
[   10.012000] rq: {"cpu": 1, "running":  2, "queued":  2, "avg_load": 1024, "avg_util":   52, "min_vruntime":      3000000, "avg_vruntime":      3000000}
[   10.012000] task: {"pid": 41, "on_cpu":  true, "cpu": 1, "state": "R", "vruntime":     -1048576, "sum_exec":      2000000}
[   10.012000] task: {"pid": 42, "on_cpu": false, "cpu": 1, "state": "R", "vruntime":       -48576, "sum_exec":      1000000}
[   10.013000] rq: {"cpu": 1, "running":  0, "queued":  0, "avg_load":    0, "avg_util":   72, "min_vruntime":      4000000, "avg_vruntime":      4000000}
[   10.013000] task: {"pid": 41, "on_cpu": false, "cpu": 1, "state": "R", "vruntime":       -48576, "sum_exec":      3000000}
[   10.013000] task: {"pid": 42, "on_cpu": false, "cpu": 1, "state": "R", "vruntime":       -48576, "sum_exec":      1000000}
[   10.014000] rq: {"cpu": 1, "running":  0, "queued":  0, "avg_load":    0, "avg_util":   72, "min_vruntime":      4000000, "avg_vruntime":      4000000}
[   10.014000] task: {"pid": 41, "on_cpu": false, "cpu": 1, "state": "R", "vruntime":       -48576, "sum_exec":      3000000}
[   10.014000] task: {"pid": 42, "on_cpu": false, "cpu": 1, "state": "R", "vruntime":       -48576, "sum_exec":      1000000}
[   10.015000] rq: {"cpu": 1, "running":  0, "queued":  0, "avg_load":    0, "avg_util":   72, "min_vruntime":      4000000, "avg_vruntime":      4000000}
[   10.015000] task: {"pid": 41, "on_cpu": false, "cpu": 1, "state": "R", "vruntime":       -48576, "sum_exec":      3000000}
[   10.015000] task: {"pid": 42, "on_cpu": false, "cpu": 1, "state": "R", "vruntime":       -48576, "sum_exec":      1000000}
[   10.016000] rq: {"cpu": 1, "running":  0, "queued":  0, "avg_load":    0, "avg_util":   67, "min_vruntime":      4000000, "avg_vruntime":      4000000}
[   10.016000] task: {"pid": 41, "on_cpu": false, "cpu": 1, "state": "R", "vruntime":       -48576, "sum_exec":      3000000}
[   10.016000] task: {"pid": 42, "on_cpu": false, "cpu": 1, "state": "R", "vruntime":       -48576, "sum_exec":      1000000}
[   10.017000] rq: {"cpu": 1, "running":  0, "queued":  0, "avg_load":    0, "avg_util":   67, "min_vruntime":      4000000, "avg_vruntime":      4000000}
[   10.017000] task: {"pid": 41, "on_cpu": false, "cpu": 1, "state": "R", "vruntime":       -48576, "sum_exec":      3000000}
[   10.017000] task: {"pid": 42, "on_cpu": false, "cpu": 1, "state": "R", "vruntime":       -48576, "sum_exec":      1000000}
[   10.018000] rq: {"cpu": 1, "running":  0, "queued":  0, "avg_load":    0, "avg_util":   67, "min_vruntime":      4000000, "avg_vruntime":      4000000}
[   10.018000] task: {"pid": 41, "on_cpu": false, "cpu": 1, "state": "R", "vruntime":       -48576, "sum_exec":      3000000}
[   10.018000] task: {"pid": 42, "on_cpu":  true, "cpu": 1, "state": "R", "vruntime":       -48576, "sum_exec":      1000000}
[   10.019000] rq: {"cpu": 1, "running":  0, "queued":  0, "avg_load":    0, "avg_util":   84, "min_vruntime":      5000000, "avg_vruntime":      5000000}
[   10.019000] task: {"pid": 41, "on_cpu": false, "cpu": 1, "state": "R", "vruntime":       -48576, "sum_exec":      3000000}
[   10.019000] task: {"pid": 42, "on_cpu": false, "cpu": 1, "state": "R", "vruntime":       951424, "sum_exec":      2000000}
[   10.020000] rq: {"cpu": 1, "running":  0, "queued":  0, "avg_load":    0, "avg_util":   83, "min_vruntime":      5000000, "avg_vruntime":      5000000}
[   10.020000] task: {"pid": 41, "on_cpu": false, "cpu": 1, "state": "R", "vruntime":       -48576, "sum_exec":      3000000}
[   10.020000] task: {"pid": 42, "on_cpu": false, "cpu": 1, "state": "R", "vruntime":       951424, "sum_exec":      2000000}
[   10.021000] rq: {"cpu": 1, "running":  0, "queued":  0, "avg_load":    0, "avg_util":   83, "min_vruntime":      5000000, "avg_vruntime":      5000000}
[   10.021000] task: {"pid": 41, "on_cpu": false, "cpu": 1, "state": "R", "vruntime":       -48576, "sum_exec":      3000000}
[   10.021000] task: {"pid": 42, "on_cpu": false, "cpu": 1, "state": "R", "vruntime":       951424, "sum_exec":      2000000}
[   10.022000] rq: {"cpu": 1, "running":  0, "queued":  0, "avg_load":    0, "avg_util":   83, "min_vruntime":      5000000, "avg_vruntime":      5000000}
[   10.022000] task: {"pid": 41, "on_cpu": false, "cpu": 1, "state": "R", "vruntime":       -48576, "sum_exec":      3000000}
[   10.022000] task: {"pid": 42, "on_cpu": false, "cpu": 1, "state": "R", "vruntime":       951424, "sum_exec":      2000000}
[   10.023000] rq: {"cpu": 1, "running":  0, "queued":  0, "avg_load":    0, "avg_util":   83, "min_vruntime":      5000000, "avg_vruntime":      5000000}
[   10.023000] task: {"pid": 41, "on_cpu": false, "cpu": 1, "state": "R", "vruntime":       -48576, "sum_exec":      3000000}
[   10.023000] task: {"pid": 42, "on_cpu": false, "cpu": 1, "state": "R", "vruntime":       951424, "sum_exec":      2000000}
[   10.024000] rq: {"cpu": 1, "running":  0, "queued":  0, "avg_load":    0, "avg_util":   76, "min_vruntime":      5000000, "avg_vruntime":      5000000}
[   10.024000] task: {"pid": 41, "on_cpu": false, "cpu": 1, "state": "R", "vruntime":       -48576, "sum_exec":      3000000}
[   10.024000] task: {"pid": 42, "on_cpu": false, "cpu": 1, "state": "R", "vruntime":       951424, "sum_exec":      2000000}
[   10.025000] rq: {"cpu": 1, "running":  0, "queued":  0, "avg_load":    0, "avg_util":   95, "min_vruntime":      6000000, "avg_vruntime":      6000000}
[   10.025000] task: {"pid": 41, "on_cpu": false, "cpu": 1, "state": "R", "vruntime":       951424, "sum_exec":      4000000}
[   10.025000] task: {"pid": 42, "on_cpu": false, "cpu": 1, "state": "R", "vruntime":       951424, "sum_exec":      2000000}
[   10.026000] rq: {"cpu": 1, "running":  0, "queued":  0, "avg_load":    0, "avg_util":   95, "min_vruntime":      6000000, "avg_vruntime":      6000000}
[   10.026000] task: {"pid": 41, "on_cpu": false, "cpu": 1, "state": "R", "vruntime":       951424, "sum_exec":      4000000}
[   10.026000] task: {"pid": 42, "on_cpu": false, "cpu": 1, "state": "R", "vruntime":       951424, "sum_exec":      2000000}
[   10.027000] rq: {"cpu": 1, "running":  0, "queued":  0, "avg_load":    0, "avg_util":   95, "min_vruntime":      6000000, "avg_vruntime":      6000000}
[   10.027000] task: {"pid": 41, "on_cpu": false, "cpu": 1, "state": "R", "vruntime":       951424, "sum_exec":      4000000}
[   10.027000] task: {"pid": 42, "on_cpu": false, "cpu": 1, "state": "R", "vruntime":       951424, "sum_exec":      2000000}
[   10.028000] rq: {"cpu": 1, "running":  0, "queued":  0, "avg_load":    0, "avg_util":   90, "min_vruntime":      6000000, "avg_vruntime":      6000000}
[   10.028000] task: {"pid": 41, "on_cpu": false, "cpu": 1, "state": "R", "vruntime":       951424, "sum_exec":      4000000}
[   10.028000] task: {"pid": 42, "on_cpu": false, "cpu": 1, "state": "R", "vruntime":       951424, "sum_exec":      2000000}
[   10.029000] rq: {"cpu": 1, "running":  0, "queued":  0, "avg_load":    0, "avg_util":   90, "min_vruntime":      6000000, "avg_vruntime":      6000000}
[   10.029000] task: {"pid": 41, "on_cpu": false, "cpu": 1, "state": "R", "vruntime":       951424, "sum_exec":      4000000}
[   10.029000] task: {"pid": 42, "on_cpu": false, "cpu": 1, "state": "R", "vruntime":       951424, "sum_exec":      2000000}
[   10.030000] rq: {"cpu": 1, "running":  2, "queued":  2, "avg_load":    0, "avg_util":   86, "min_vruntime":      6000000, "avg_vruntime":      6000000}
[   10.030000] task: {"pid": 41, "on_cpu": false, "cpu": 1, "state": "R", "vruntime":       951424, "sum_exec":      4000000}
[   10.030000] task: {"pid": 42, "on_cpu":  true, "cpu": 1, "state": "R", "vruntime":       951424, "sum_exec":      2000000}
[   10.031000] rq: {"cpu": 1, "running":  0, "queued":  0, "avg_load":    0, "avg_util":  105, "min_vruntime":      7000000, "avg_vruntime":      7000000}
[   10.031000] task: {"pid": 41, "on_cpu": false, "cpu": 1, "state": "R", "vruntime":       951424, "sum_exec":      4000000}
[   10.031000] task: {"pid": 42, "on_cpu": false, "cpu": 1, "state": "R", "vruntime":      1951424, "sum_exec":      3000000}
[   10.032000] [92mDone; check kernel log for WARN in tg_throttle_down()[0m
[   10.032000] [92mExiting driver throttled_limbo_list on Linux 6.18.0-rc4-throttled_limbo_list_buggy[0m
[   10.032000] reboot: Restarting system
[   10.032000] reboot: machine restart
