c[?7l[2J[0mSeaBIOS (version 1.16.3-debian-1.16.3-2)


iPXE (https://ipxe.org) 00:03.0 CA00 PCI2.10 PnP PMM+0EFCAD00+0EF0AD00 CA00
Press Ctrl-B to configure iPXE (PCI 00:03.0)...                                                                               


Booting from ROM...
c[?7l[2JACPI Error: AE_BAD_PARAMETER, During Region initialization (20230628/tbxfload-52)
ACPI: Unable to load the System Description Tables
ACPI Error: Could not remove SCI handler (20230628/evmisc-251)
Loading kmod.ko with params: driver=vlag_overflow isolcpus=nohz,managed_irq,1,2 rcu_nocbs=1,2 nohz_full=1,2 
[92mLinux version: 6.9.0-rc5-vlag_overflow_fixed[0m
[92m- name                : vlag_overflow[0m
[92m- step_interval_us    : 10000[0m
[92m- print_rq            : 1[0m
[92m- print_tasks         : 1[0m
[92m- print_load_balance  : 0[0m
[92mDisabled workqueue on CPU 1[0m
[92mMoved kthreads to CPU 0[0m
[92mWriting /sys/fs/cgroup//cgroup.subtree_control: +cpu +cpuset[0m
[92mCreated directory /sys/fs/cgroup/g0[0m
[92mWriting /sys/fs/cgroup/g0/cgroup.subtree_control: +cpu +cpuset[0m
[92mCreated directory /sys/fs/cgroup/g1[0m
[92mWriting /sys/fs/cgroup/g1/cgroup.subtree_control: +cpu +cpuset[0m
[92mWriting /sys/fs/cgroup/g0/cpu.weight: 10000[0m
[92mWriting /sys/fs/cgroup/g1/cpu.weight: 100[0m
[92mTask created with pid 39[0m
[92mTask created with pid 40[0m
[92mWriting /sys/fs/cgroup/g0/cgroup.procs: 39[0m
[92mWriting /sys/fs/cgroup/g1/cgroup.procs: 40[0m
Topology levels:
- SMT  |    0 |    1 | SHARE_CPUCAPACITY, SHARE_LLC
- CLS  |    0 |    1 | CLUSTER, SHARE_LLC
- MC   |  0-1 |  0-1 | SHARE_LLC
- PKG  |  0-1 |  0-1 | 
- NODE |  0-1 |  0-1 | 
Sched domains:
- MC[0]: mask=0-1, groups={0: 1024, 1: 1024}, flags=BALANCE_NEWIDLE, BALANCE_EXEC, BALANCE_FORK, WAKE_AFFINE, SHARE_LLC, PREFER_SIBLING
- MC[1]: mask=0-1, groups={1: 1024, 0: 1024}, flags=BALANCE_NEWIDLE, BALANCE_EXEC, BALANCE_FORK, WAKE_AFFINE, SHARE_LLC, PREFER_SIBLING
[92mDisabled timer ticks on CPU 1[0m
[92mDisabled jiffies update[0m
[92mMocked sched clock[0m
[92mReset runqueues state[0m
[92mReset cpumask[0m
[92mReset tasks state[0m
[92mPatched init_tg_cfs_entry to set min vruntime[0m
[92mWriting /sys/module/printk/parameters/time: 1[0m
[   10.000000] [92mRunning driver vlag_overflow[0m
[   10.000000] [92mWaked up task 39[0m
[   10.000000] [92mWaked up task 40[0m
[   10.000000] rq: {"cpu": 1, "running":  2, "queued":  2, "avg_load": 1024, "avg_util":    0, "min_vruntime":            0, "avg_vruntime":            0}
[   10.000000] task: {"pid": 39, "on_cpu":  true, "cpu": 1, "state": "R", "vruntime":     -1048576, "sum_exec":            0}
[   10.000000] task: {"pid": 40, "on_cpu": false, "cpu": 1, "state": "R", "vruntime":     -1048576, "sum_exec":            0}
[   10.001000] rq: {"cpu": 1, "running":  2, "queued":  2, "avg_load": 1024, "avg_util":    0, "min_vruntime":            0, "avg_vruntime":         9900}
[   10.001000] task: {"pid": 39, "on_cpu":  true, "cpu": 1, "state": "R", "vruntime":       -48576, "sum_exec":      1000000}
[   10.001000] task: {"pid": 40, "on_cpu": false, "cpu": 1, "state": "R", "vruntime":     -1048576, "sum_exec":            0}
[   10.002000] rq: {"cpu": 1, "running":  2, "queued":  2, "avg_load": 102400, "avg_util":   41, "min_vruntime":            0, "avg_vruntime":        19800}
[   10.002000] task: {"pid": 39, "on_cpu": false, "cpu": 1, "state": "R", "vruntime":       951424, "sum_exec":      2000000}
[   10.002000] task: {"pid": 40, "on_cpu":  true, "cpu": 1, "state": "R", "vruntime":     -1048576, "sum_exec":            0}
[   10.003000] rq: {"cpu": 1, "running":  2, "queued":  2, "avg_load": 102400, "avg_util":   61, "min_vruntime":        19998, "avg_vruntime":        29700}
[   10.003000] task: {"pid": 39, "on_cpu": false, "cpu": 1, "state": "R", "vruntime":       951424, "sum_exec":      2000000}
[   10.003000] task: {"pid": 40, "on_cpu":  true, "cpu": 1, "state": "R", "vruntime":       -48576, "sum_exec":      1000000}
[   10.004000] rq: {"cpu": 1, "running":  2, "queued":  2, "avg_load": 1024, "avg_util":   81, "min_vruntime":        19998, "avg_vruntime":        39601}
[   10.004000] task: {"pid": 39, "on_cpu":  true, "cpu": 1, "state": "R", "vruntime":       951424, "sum_exec":      2000000}
[   10.004000] task: {"pid": 40, "on_cpu": false, "cpu": 1, "state": "R", "vruntime":       951424, "sum_exec":      2000000}
[   10.005000] rq: {"cpu": 1, "running":  2, "queued":  2, "avg_load": 1024, "avg_util":  100, "min_vruntime":        29997, "avg_vruntime":        49501}
[   10.005000] task: {"pid": 39, "on_cpu":  true, "cpu": 1, "state": "R", "vruntime":      1951424, "sum_exec":      3000000}
[   10.005000] task: {"pid": 40, "on_cpu": false, "cpu": 1, "state": "R", "vruntime":       951424, "sum_exec":      2000000}
[   10.006000] rq: {"cpu": 1, "running":  2, "queued":  2, "avg_load": 1024, "avg_util":  119, "min_vruntime":        39996, "avg_vruntime":        59401}
[   10.006000] task: {"pid": 39, "on_cpu":  true, "cpu": 1, "state": "R", "vruntime":      2951424, "sum_exec":      4000000}
[   10.006000] task: {"pid": 40, "on_cpu": false, "cpu": 1, "state": "R", "vruntime":       951424, "sum_exec":      2000000}
[   10.007000] rq: {"cpu": 1, "running":  2, "queued":  2, "avg_load": 1024, "avg_util":  137, "min_vruntime":        49995, "avg_vruntime":        69301}
[   10.007000] task: {"pid": 39, "on_cpu":  true, "cpu": 1, "state": "R", "vruntime":      3951424, "sum_exec":      5000000}
[   10.007000] task: {"pid": 40, "on_cpu": false, "cpu": 1, "state": "R", "vruntime":       951424, "sum_exec":      2000000}
[   10.008000] rq: {"cpu": 1, "running":  2, "queued":  2, "avg_load": 1024, "avg_util":  156, "min_vruntime":        59994, "avg_vruntime":        79201}
[   10.008000] task: {"pid": 39, "on_cpu":  true, "cpu": 1, "state": "R", "vruntime":      4951424, "sum_exec":      6000000}
[   10.008000] task: {"pid": 40, "on_cpu": false, "cpu": 1, "state": "R", "vruntime":       951424, "sum_exec":      2000000}
[   10.009000] rq: {"cpu": 1, "running":  2, "queued":  2, "avg_load": 1024, "avg_util":  173, "min_vruntime":        69993, "avg_vruntime":        89101}
[   10.009000] task: {"pid": 39, "on_cpu":  true, "cpu": 1, "state": "R", "vruntime":      5951424, "sum_exec":      7000000}
[   10.009000] task: {"pid": 40, "on_cpu": false, "cpu": 1, "state": "R", "vruntime":       951424, "sum_exec":      2000000}
[   10.010000] [92mvlag=-43980465111 weight=104857600[0m
[   10.010000] [92mWriting /sys/fs/cgroup/g0/cpu.weight: 100[0m
[   10.010000] [92mvruntime_change=-432431428 ns[0m
[   10.010000] [92mOK: vruntime change bounded (-432 ms)[0m
[   10.010000] rq: {"cpu": 1, "running":  2, "queued":  2, "avg_load": 1024, "avg_util":  191, "min_vruntime":      2000000, "avg_vruntime":  21775066342}
[   10.010000] task: {"pid": 39, "on_cpu":  true, "cpu": 1, "state": "R", "vruntime":      6951424, "sum_exec":      8000000}
[   10.010000] task: {"pid": 40, "on_cpu": false, "cpu": 1, "state": "R", "vruntime":       951424, "sum_exec":      2000000}
[   10.011000] rq: {"cpu": 1, "running":  2, "queued":  2, "avg_load": 1024, "avg_util":  208, "min_vruntime":      2000000, "avg_vruntime":  21775566342}
[   10.011000] task: {"pid": 39, "on_cpu": false, "cpu": 1, "state": "R", "vruntime":      7951424, "sum_exec":      9000000}
[   10.011000] task: {"pid": 40, "on_cpu":  true, "cpu": 1, "state": "R", "vruntime":       951424, "sum_exec":      2000000}
[   10.012000] rq: {"cpu": 1, "running":  2, "queued":  2, "avg_load": 1024, "avg_util":  224, "min_vruntime":      3000000, "avg_vruntime":  21776066342}
[   10.012000] task: {"pid": 39, "on_cpu": false, "cpu": 1, "state": "R", "vruntime":      7951424, "sum_exec":      9000000}
[   10.012000] task: {"pid": 40, "on_cpu":  true, "cpu": 1, "state": "R", "vruntime":      1951424, "sum_exec":      3000000}
[   10.013000] rq: {"cpu": 1, "running":  2, "queued":  2, "avg_load": 1024, "avg_util":  241, "min_vruntime":      4000000, "avg_vruntime":  21776566342}
[   10.013000] task: {"pid": 39, "on_cpu": false, "cpu": 1, "state": "R", "vruntime":      7951424, "sum_exec":      9000000}
[   10.013000] task: {"pid": 40, "on_cpu":  true, "cpu": 1, "state": "R", "vruntime":      2951424, "sum_exec":      4000000}
[   10.014000] rq: {"cpu": 1, "running":  2, "queued":  2, "avg_load": 1024, "avg_util":  257, "min_vruntime":      5000000, "avg_vruntime":  21777066342}
[   10.014000] task: {"pid": 39, "on_cpu": false, "cpu": 1, "state": "R", "vruntime":      7951424, "sum_exec":      9000000}
[   10.014000] task: {"pid": 40, "on_cpu":  true, "cpu": 1, "state": "R", "vruntime":      3951424, "sum_exec":      5000000}
[   10.015000] [92mExiting driver vlag_overflow on Linux 6.9.0-rc5-vlag_overflow_fixed[0m
[   10.015000] reboot: Restarting system
[   10.015000] reboot: machine restart
