c[?7l[2J[0mSeaBIOS (version 1.16.3-debian-1.16.3-2)


iPXE (https://ipxe.org) 00:03.0 CA00 PCI2.10 PnP PMM+0EFCAD00+0EF0AD00 CA00
Press Ctrl-B to configure iPXE (PCI 00:03.0)...                                                                               


Booting from ROM...
c[?7l[2JACPI Error: AE_BAD_PARAMETER, During Region initialization (20240827/tbxfload-52)
ACPI: Unable to load the System Description Tables
ACPI Error: Could not remove SCI handler (20240827/evmisc-251)
Loading kmod.ko with params: driver=vruntime_overflow isolcpus=nohz,managed_irq,1,2 rcu_nocbs=1,2 nohz_full=1,2 
[92mLinux version: 6.15.0-rc3-vruntime_overflow_buggy[0m
[92m- name                : vruntime_overflow[0m
[92m- step_interval_us    : 10000[0m
[92m- print_rq            : 1[0m
[92m- print_tasks         : 1[0m
[92m- print_load_balance  : 0[0m
[92mDisabled workqueue on CPU 1[0m
[92mMoved kthreads to CPU 0[0m
[92mWriting /sys/fs/cgroup//cgroup.subtree_control: +cpu +cpuset[0m
[92mCreated directory /sys/fs/cgroup/g0[0m
[92mWriting /sys/fs/cgroup/g0/cgroup.subtree_control: +cpu +cpuset[0m
[92mCreated directory /sys/fs/cgroup/g1[0m
[92mWriting /sys/fs/cgroup/g1/cgroup.subtree_control: +cpu +cpuset[0m
[92mWriting /sys/fs/cgroup/g0/cpu.weight: 15[0m
[92mWriting /sys/fs/cgroup/g1/cpu.weight: 15[0m
[92mTask created with pid 41[0m
[92mTask created with pid 42[0m
[92mTask created with pid 43[0m
[92mWriting /sys/fs/cgroup/g0/cgroup.procs: 41[0m
[92mWriting /sys/fs/cgroup/g0/cgroup.procs: 42[0m
[92mWriting /sys/fs/cgroup/g1/cgroup.procs: 43[0m
Topology levels:
- SMT  |    0 |    1 | SHARE_CPUCAPACITY, SHARE_LLC
- CLS  |    0 |    1 | CLUSTER, SHARE_LLC
- MC   |  0-1 |  0-1 | SHARE_LLC
- PKG  |  0-1 |  0-1 | 
- NODE |  0-1 |  0-1 | 
Sched domains:
- MC[0]: mask=0-1, groups={0: 1024, 1: 1024}, flags=BALANCE_NEWIDLE, BALANCE_EXEC, BALANCE_FORK, WAKE_AFFINE, SHARE_LLC, PREFER_SIBLING
- MC[1]: mask=0-1, groups={1: 1024, 0: 1024}, flags=BALANCE_NEWIDLE, BALANCE_EXEC, BALANCE_FORK, WAKE_AFFINE, SHARE_LLC, PREFER_SIBLING
[92mDisabled timer ticks on CPU 1[0m
[92mDisabled jiffies update[0m
[92mMocked sched clock[0m
[92mReset runqueues state[0m
[92mReset cpumask[0m
[92mReset tasks state[0m
[92mPatched init_tg_cfs_entry to set min vruntime[0m
[92mWriting /sys/module/printk/parameters/time: 1[0m
[   10.000000] [92mRunning driver vruntime_overflow[0m
[   10.000000] [92mWaked up task 41[0m
[   10.000000] [92mWaked up task 43[0m
[   10.000000] rq: {"cpu": 1, "running":  2, "queued":  2, "avg_load":  154, "avg_util":    0, "min_vruntime":            0, "avg_vruntime":            0}
[   10.000000] task: {"pid": 41, "on_cpu":  true, "cpu": 1, "state": "R", "vruntime":     -1048576, "sum_exec":            0}
[   10.000000] task: {"pid": 42, "on_cpu": false, "cpu": 1, "state": "S", "vruntime":  10000000000, "sum_exec":            0}
[   10.000000] task: {"pid": 43, "on_cpu": false, "cpu": 1, "state": "R", "vruntime":     -1048576, "sum_exec":            0}
[   10.001000] rq: {"cpu": 1, "running":  2, "queued":  2, "avg_load":  154, "avg_util":    0, "min_vruntime":            0, "avg_vruntime":      3324675}
[   10.001000] task: {"pid": 41, "on_cpu":  true, "cpu": 1, "state": "R", "vruntime":       -48576, "sum_exec":      1000000}
[   10.001000] task: {"pid": 42, "on_cpu": false, "cpu": 1, "state": "S", "vruntime":  10000000000, "sum_exec":            0}
[   10.001000] task: {"pid": 43, "on_cpu": false, "cpu": 1, "state": "R", "vruntime":     -1048576, "sum_exec":            0}
[   10.002000] rq: {"cpu": 1, "running":  2, "queued":  2, "avg_load":  154, "avg_util":   41, "min_vruntime":            0, "avg_vruntime":      6649350}
[   10.002000] task: {"pid": 41, "on_cpu": false, "cpu": 1, "state": "R", "vruntime":       951424, "sum_exec":      2000000}
[   10.002000] task: {"pid": 42, "on_cpu": false, "cpu": 1, "state": "S", "vruntime":  10000000000, "sum_exec":            0}
[   10.002000] task: {"pid": 43, "on_cpu":  true, "cpu": 1, "state": "R", "vruntime":     -1048576, "sum_exec":            0}
[   10.003000] rq: {"cpu": 1, "running":  2, "queued":  2, "avg_load":  154, "avg_util":   61, "min_vruntime":      6649350, "avg_vruntime":      9974025}
[   10.003000] task: {"pid": 41, "on_cpu": false, "cpu": 1, "state": "R", "vruntime":       951424, "sum_exec":      2000000}
[   10.003000] task: {"pid": 42, "on_cpu": false, "cpu": 1, "state": "S", "vruntime":  10000000000, "sum_exec":            0}
[   10.003000] task: {"pid": 43, "on_cpu":  true, "cpu": 1, "state": "R", "vruntime":       -48576, "sum_exec":      1000000}
[   10.004000] rq: {"cpu": 1, "running":  2, "queued":  2, "avg_load":  154, "avg_util":   81, "min_vruntime":     13298700, "avg_vruntime":     13298700}
[   10.004000] task: {"pid": 41, "on_cpu":  true, "cpu": 1, "state": "R", "vruntime":       951424, "sum_exec":      2000000}
[   10.004000] task: {"pid": 42, "on_cpu": false, "cpu": 1, "state": "S", "vruntime":  10000000000, "sum_exec":            0}
[   10.004000] task: {"pid": 43, "on_cpu": false, "cpu": 1, "state": "R", "vruntime":       951424, "sum_exec":      2000000}
[   10.005000] rq: {"cpu": 1, "running":  2, "queued":  2, "avg_load":  154, "avg_util":  100, "min_vruntime":     13298700, "avg_vruntime":     16623375}
[   10.005000] task: {"pid": 41, "on_cpu":  true, "cpu": 1, "state": "R", "vruntime":      1951424, "sum_exec":      3000000}
[   10.005000] task: {"pid": 42, "on_cpu": false, "cpu": 1, "state": "S", "vruntime":  10000000000, "sum_exec":            0}
[   10.005000] task: {"pid": 43, "on_cpu": false, "cpu": 1, "state": "R", "vruntime":       951424, "sum_exec":      2000000}
[   10.006000] rq: {"cpu": 1, "running":  2, "queued":  2, "avg_load":  154, "avg_util":  119, "min_vruntime":     13298700, "avg_vruntime":     19948050}
[   10.006000] task: {"pid": 41, "on_cpu": false, "cpu": 1, "state": "R", "vruntime":      2951424, "sum_exec":      4000000}
[   10.006000] task: {"pid": 42, "on_cpu": false, "cpu": 1, "state": "S", "vruntime":  10000000000, "sum_exec":            0}
[   10.006000] task: {"pid": 43, "on_cpu":  true, "cpu": 1, "state": "R", "vruntime":       951424, "sum_exec":      2000000}
[   10.007000] rq: {"cpu": 1, "running":  2, "queued":  2, "avg_load":  154, "avg_util":  137, "min_vruntime":     19948050, "avg_vruntime":     23272725}
[   10.007000] task: {"pid": 41, "on_cpu": false, "cpu": 1, "state": "R", "vruntime":      2951424, "sum_exec":      4000000}
[   10.007000] task: {"pid": 42, "on_cpu": false, "cpu": 1, "state": "S", "vruntime":  10000000000, "sum_exec":            0}
[   10.007000] task: {"pid": 43, "on_cpu":  true, "cpu": 1, "state": "R", "vruntime":      1951424, "sum_exec":      3000000}
[   10.008000] rq: {"cpu": 1, "running":  2, "queued":  2, "avg_load":  154, "avg_util":  156, "min_vruntime":     26597400, "avg_vruntime":     26597400}
[   10.008000] task: {"pid": 41, "on_cpu":  true, "cpu": 1, "state": "R", "vruntime":      2951424, "sum_exec":      4000000}
[   10.008000] task: {"pid": 42, "on_cpu": false, "cpu": 1, "state": "S", "vruntime":  10000000000, "sum_exec":            0}
[   10.008000] task: {"pid": 43, "on_cpu": false, "cpu": 1, "state": "R", "vruntime":      2951424, "sum_exec":      4000000}
[   10.009000] rq: {"cpu": 1, "running":  2, "queued":  2, "avg_load":  154, "avg_util":  173, "min_vruntime":     26597400, "avg_vruntime":     29922075}
[   10.009000] task: {"pid": 41, "on_cpu":  true, "cpu": 1, "state": "R", "vruntime":      3951424, "sum_exec":      5000000}
[   10.009000] task: {"pid": 42, "on_cpu": false, "cpu": 1, "state": "S", "vruntime":  10000000000, "sum_exec":            0}
[   10.009000] task: {"pid": 43, "on_cpu": false, "cpu": 1, "state": "R", "vruntime":      2951424, "sum_exec":      4000000}
[   10.010000] rq: {"cpu": 1, "running":  2, "queued":  2, "avg_load":  154, "avg_util":  191, "min_vruntime":     26597400, "avg_vruntime":     33246750}
[   10.010000] task: {"pid": 41, "on_cpu": false, "cpu": 1, "state": "R", "vruntime":      4951424, "sum_exec":      6000000}
[   10.010000] task: {"pid": 42, "on_cpu": false, "cpu": 1, "state": "S", "vruntime":  10000000000, "sum_exec":            0}
[   10.010000] task: {"pid": 43, "on_cpu":  true, "cpu": 1, "state": "R", "vruntime":      2951424, "sum_exec":      4000000}
[   10.011000] rq: {"cpu": 1, "running":  2, "queued":  2, "avg_load":  154, "avg_util":  208, "min_vruntime":     33246750, "avg_vruntime":     36571425}
[   10.011000] task: {"pid": 41, "on_cpu": false, "cpu": 1, "state": "R", "vruntime":      4951424, "sum_exec":      6000000}
[   10.011000] task: {"pid": 42, "on_cpu": false, "cpu": 1, "state": "S", "vruntime":  10000000000, "sum_exec":            0}
[   10.011000] task: {"pid": 43, "on_cpu":  true, "cpu": 1, "state": "R", "vruntime":      3951424, "sum_exec":      5000000}
[   10.012000] rq: {"cpu": 1, "running":  2, "queued":  2, "avg_load":  154, "avg_util":  224, "min_vruntime":     39896100, "avg_vruntime":     39896100}
[   10.012000] task: {"pid": 41, "on_cpu":  true, "cpu": 1, "state": "R", "vruntime":      4951424, "sum_exec":      6000000}
[   10.012000] task: {"pid": 42, "on_cpu": false, "cpu": 1, "state": "S", "vruntime":  10000000000, "sum_exec":            0}
[   10.012000] task: {"pid": 43, "on_cpu": false, "cpu": 1, "state": "R", "vruntime":      4951424, "sum_exec":      6000000}
[   10.013000] [92mPaused task 41[0m
[   10.013000] ------------[ cut here ]------------
[   10.013000] WARNING: CPU: 0 PID: 1 at kernel/sched/fair.c:5471 dequeue_entity+0x15e/0x3d0
[   10.013000] Modules linked in: kmod(O+)
[   10.013000] CPU: 0 UID: 0 PID: 1 Comm: init Tainted: G           O        6.15.0-rc3-vruntime_overflow_buggy #1 NONE 
[   10.013000] Tainted: [O]=OOT_MODULE
[   10.013000] RIP: 0010:dequeue_entity+0x15e/0x3d0
[   10.013000] Code: 41 5e 41 5f c3 41 f6 c4 10 0f 85 02 ff ff ff 41 f6 c4 01 0f 84 f8 fe ff ff 8b 05 65 cf 86 00 25 00 01 00 00 80 7b 51 00 74 02 <0f> 0b 85 c0 0f 84 dd fe ff ff 48 8b 73 70 48 89 ef e8 2c 96 ff ff
[   10.013000] RSP: 0018:ffff88800022fcc8 EFLAGS: 00010202
[   10.013000] RAX: 0000000000000100 RBX: ffff888000fc0400 RCX: 0000000000000000
[   10.013000] RDX: 0000000000000001 RSI: ffff888000fc0400 RDI: ffff88800f325280
[   10.013000] RBP: ffff88800f325280 R08: 00000000ffffefff R09: 0000000000000001
[   10.013000] R10: 00000000ffffefff R11: ffffffff81a3e340 R12: 0000000000000001
[   10.013000] R13: 0000000000000000 R14: 0000000000000001 R15: 0000000000000001
[   10.013000] FS:  000000003a6b1380(0000) GS:ffff88808d4c9000(0000) knlGS:0000000000000000
[   10.013000] CS:  0010 DS: 0000 ES: 0000 CR0: 0000000080050033
[   10.013000] CR2: 00000000004a0004 CR3: 0000000000ff3003 CR4: 00000000001706b0
[   10.013000] Call Trace:
[   10.013000]  <TASK>
[   10.013000]  ? vprintk_emit+0x1dc/0x260
[   10.013000]  dequeue_entities+0xd6/0x680
[   10.013000]  run+0x5f/0x90 [kmod]
[   10.013000]  kstep_main+0x129/0x1000 [kmod]
[   10.013000]  ? kstep_cpu_set_capacity+0x830/0x830 [kmod]
[   10.013000]  do_one_initcall+0x4f/0x1c0
[   10.013000]  do_init_module+0x62/0x360
[   10.013000]  init_module_from_file+0x75/0xa0
[   10.013000]  __x64_sys_finit_module+0x171/0x2d0
[   10.013000]  do_syscall_64+0x37/0xc0
[   10.013000]  entry_SYSCALL_64_after_hwframe+0x4b/0x53
[   10.013000] RIP: 0033:0x420efd
[   10.013000] Code: b3 66 2e 0f 1f 84 00 00 00 00 00 66 90 f3 0f 1e fa 48 89 f8 48 89 f7 48 89 d6 48 89 ca 4d 89 c2 4d 89 c8 4c 8b 4c 24 08 0f 05 <48> 3d 01 f0 ff ff 73 01 c3 48 c7 c1 c0 ff ff ff f7 d8 64 89 01 48
[   10.013000] RSP: 002b:00007ffc3208d718 EFLAGS: 00000206 ORIG_RAX: 0000000000000139
[   10.013000] RAX: ffffffffffffffda RBX: 0000000000000002 RCX: 0000000000420efd
[   10.013000] RDX: 0000000000000000 RSI: 00007ffc3208d750 RDI: 0000000000000003
[   10.013000] RBP: 00007ffc3208d960 R08: 0000000000000000 R09: 00007ffc3208dac0
[   10.013000] R10: 00000000004aa820 R11: 0000000000000206 R12: 00007ffc3208daa8
[   10.013000] R13: 00007ffc3208dac0 R14: 00000000004a5f68 R15: 0000000000000001
[   10.013000]  </TASK>
[   10.013000] ---[ end trace 0000000000000000 ]---
[   10.013000] [92mWriting /sys/fs/cgroup/g0/cpu.weight: 16[0m
[   10.013000] [92mWaked up task 42[0m
[   10.013000] rq: {"cpu": 1, "running":  2, "queued":  2, "avg_load":  164, "avg_util":  241, "min_vruntime":     39896100, "avg_vruntime": 114274870428}
[   10.013000] task: {"pid": 41, "on_cpu": false, "cpu": 1, "state": "S", "vruntime":      5951424, "sum_exec":      7000000}
[   10.013000] task: {"pid": 42, "on_cpu": false, "cpu": 1, "state": "R", "vruntime":      5951424, "sum_exec":            0}
[   10.013000] task: {"pid": 43, "on_cpu":  true, "cpu": 1, "state": "R", "vruntime":      4951424, "sum_exec":      6000000}
[   10.014000] rq: {"cpu": 1, "running":  2, "queued":  2, "avg_load":  164, "avg_util":  257, "min_vruntime":     46545450, "avg_vruntime": 114278090553}
[   10.014000] task: {"pid": 41, "on_cpu": false, "cpu": 1, "state": "S", "vruntime":      5951424, "sum_exec":      7000000}
[   10.014000] task: {"pid": 42, "on_cpu": false, "cpu": 1, "state": "R", "vruntime":      5951424, "sum_exec":            0}
[   10.014000] task: {"pid": 43, "on_cpu":  true, "cpu": 1, "state": "R", "vruntime":      5951424, "sum_exec":      7000000}
[   10.015000] rq: {"cpu": 1, "running":  2, "queued":  2, "avg_load":  164, "avg_util":  272, "min_vruntime":     53194800, "avg_vruntime": 114281310679}
[   10.015000] task: {"pid": 41, "on_cpu": false, "cpu": 1, "state": "S", "vruntime":      5951424, "sum_exec":      7000000}
[   10.015000] task: {"pid": 42, "on_cpu": false, "cpu": 1, "state": "R", "vruntime":      5951424, "sum_exec":            0}
[   10.015000] task: {"pid": 43, "on_cpu":  true, "cpu": 1, "state": "R", "vruntime":      6951424, "sum_exec":      8000000}
[   10.016000] rq: {"cpu": 1, "running":  2, "queued":  2, "avg_load":  164, "avg_util":  288, "min_vruntime":     59844150, "avg_vruntime": 114284530804}
[   10.016000] task: {"pid": 41, "on_cpu": false, "cpu": 1, "state": "S", "vruntime":      5951424, "sum_exec":      7000000}
[   10.016000] task: {"pid": 42, "on_cpu": false, "cpu": 1, "state": "R", "vruntime":      5951424, "sum_exec":            0}
[   10.016000] task: {"pid": 43, "on_cpu":  true, "cpu": 1, "state": "R", "vruntime":      7951424, "sum_exec":      9000000}
[   10.017000] rq: {"cpu": 1, "running":  2, "queued":  2, "avg_load":  164, "avg_util":  303, "min_vruntime":     66493500, "avg_vruntime": 114287750929}
[   10.017000] task: {"pid": 41, "on_cpu": false, "cpu": 1, "state": "S", "vruntime":      5951424, "sum_exec":      7000000}
[   10.017000] task: {"pid": 42, "on_cpu": false, "cpu": 1, "state": "R", "vruntime":      5951424, "sum_exec":            0}
[   10.017000] task: {"pid": 43, "on_cpu":  true, "cpu": 1, "state": "R", "vruntime":      8951424, "sum_exec":     10000000}
[   10.018000] rq: {"cpu": 1, "running":  2, "queued":  2, "avg_load":  164, "avg_util":  318, "min_vruntime":     73142850, "avg_vruntime": 114290971055}
[   10.018000] task: {"pid": 41, "on_cpu": false, "cpu": 1, "state": "S", "vruntime":      5951424, "sum_exec":      7000000}
[   10.018000] task: {"pid": 42, "on_cpu": false, "cpu": 1, "state": "R", "vruntime":      5951424, "sum_exec":            0}
[   10.018000] task: {"pid": 43, "on_cpu":  true, "cpu": 1, "state": "R", "vruntime":      9951424, "sum_exec":     11000000}
[   10.019000] rq: {"cpu": 1, "running":  2, "queued":  2, "avg_load":  164, "avg_util":  332, "min_vruntime":     79792200, "avg_vruntime": 114294191180}
[   10.019000] task: {"pid": 41, "on_cpu": false, "cpu": 1, "state": "S", "vruntime":      5951424, "sum_exec":      7000000}
[   10.019000] task: {"pid": 42, "on_cpu": false, "cpu": 1, "state": "R", "vruntime":      5951424, "sum_exec":            0}
[   10.019000] task: {"pid": 43, "on_cpu":  true, "cpu": 1, "state": "R", "vruntime":     10951424, "sum_exec":     12000000}
[   10.020000] rq: {"cpu": 1, "running":  2, "queued":  2, "avg_load":  164, "avg_util":  346, "min_vruntime":     86441550, "avg_vruntime": 114297411306}
[   10.020000] task: {"pid": 41, "on_cpu": false, "cpu": 1, "state": "S", "vruntime":      5951424, "sum_exec":      7000000}
[   10.020000] task: {"pid": 42, "on_cpu": false, "cpu": 1, "state": "R", "vruntime":      5951424, "sum_exec":            0}
[   10.020000] task: {"pid": 43, "on_cpu":  true, "cpu": 1, "state": "R", "vruntime":     11951424, "sum_exec":     13000000}
[   10.021000] rq: {"cpu": 1, "running":  2, "queued":  2, "avg_load":  164, "avg_util":  360, "min_vruntime":     93090900, "avg_vruntime": 114300631431}
[   10.021000] task: {"pid": 41, "on_cpu": false, "cpu": 1, "state": "S", "vruntime":      5951424, "sum_exec":      7000000}
[   10.021000] task: {"pid": 42, "on_cpu": false, "cpu": 1, "state": "R", "vruntime":      5951424, "sum_exec":            0}
[   10.021000] task: {"pid": 43, "on_cpu":  true, "cpu": 1, "state": "R", "vruntime":     12951424, "sum_exec":     14000000}
[   10.022000] rq: {"cpu": 1, "running":  2, "queued":  2, "avg_load":  164, "avg_util":  360, "min_vruntime":     99740250, "avg_vruntime": 114303851557}
[   10.022000] task: {"pid": 41, "on_cpu": false, "cpu": 1, "state": "S", "vruntime":      5951424, "sum_exec":      7000000}
[   10.022000] task: {"pid": 42, "on_cpu": false, "cpu": 1, "state": "R", "vruntime":      5951424, "sum_exec":            0}
[   10.022000] task: {"pid": 43, "on_cpu":  true, "cpu": 1, "state": "R", "vruntime":     13951424, "sum_exec":     15000000}
[   10.023000] rq: {"cpu": 1, "running":  2, "queued":  2, "avg_load":  164, "avg_util":  387, "min_vruntime":    106389600, "avg_vruntime": 114307071682}
[   10.023000] task: {"pid": 41, "on_cpu": false, "cpu": 1, "state": "S", "vruntime":      5951424, "sum_exec":      7000000}
[   10.023000] task: {"pid": 42, "on_cpu": false, "cpu": 1, "state": "R", "vruntime":      5951424, "sum_exec":            0}
[   10.023000] task: {"pid": 43, "on_cpu":  true, "cpu": 1, "state": "R", "vruntime":     14951424, "sum_exec":     16000000}
[   10.024000] rq: {"cpu": 1, "running":  2, "queued":  2, "avg_load":  164, "avg_util":  400, "min_vruntime":    113038950, "avg_vruntime": 114310291808}
[   10.024000] task: {"pid": 41, "on_cpu": false, "cpu": 1, "state": "S", "vruntime":      5951424, "sum_exec":      7000000}
[   10.024000] task: {"pid": 42, "on_cpu": false, "cpu": 1, "state": "R", "vruntime":      5951424, "sum_exec":            0}
[   10.024000] task: {"pid": 43, "on_cpu":  true, "cpu": 1, "state": "R", "vruntime":     15951424, "sum_exec":     17000000}
[   10.025000] rq: {"cpu": 1, "running":  2, "queued":  2, "avg_load":  164, "avg_util":  413, "min_vruntime":    119688300, "avg_vruntime": 114313511933}
[   10.025000] task: {"pid": 41, "on_cpu": false, "cpu": 1, "state": "S", "vruntime":      5951424, "sum_exec":      7000000}
[   10.025000] task: {"pid": 42, "on_cpu": false, "cpu": 1, "state": "R", "vruntime":      5951424, "sum_exec":            0}
[   10.025000] task: {"pid": 43, "on_cpu":  true, "cpu": 1, "state": "R", "vruntime":     16951424, "sum_exec":     18000000}
[   10.026000] rq: {"cpu": 1, "running":  2, "queued":  2, "avg_load":  164, "avg_util":  425, "min_vruntime":    126337650, "avg_vruntime": 114316732059}
[   10.026000] task: {"pid": 41, "on_cpu": false, "cpu": 1, "state": "S", "vruntime":      5951424, "sum_exec":      7000000}
[   10.026000] task: {"pid": 42, "on_cpu": false, "cpu": 1, "state": "R", "vruntime":      5951424, "sum_exec":            0}
[   10.026000] task: {"pid": 43, "on_cpu":  true, "cpu": 1, "state": "R", "vruntime":     17951424, "sum_exec":     19000000}
[   10.027000] rq: {"cpu": 1, "running":  2, "queued":  2, "avg_load":  164, "avg_util":  437, "min_vruntime":    132987000, "avg_vruntime": 114319952184}
[   10.027000] task: {"pid": 41, "on_cpu": false, "cpu": 1, "state": "S", "vruntime":      5951424, "sum_exec":      7000000}
[   10.027000] task: {"pid": 42, "on_cpu": false, "cpu": 1, "state": "R", "vruntime":      5951424, "sum_exec":            0}
[   10.027000] task: {"pid": 43, "on_cpu":  true, "cpu": 1, "state": "R", "vruntime":     18951424, "sum_exec":     20000000}
[   10.028000] rq: {"cpu": 1, "running":  2, "queued":  2, "avg_load":  164, "avg_util":  449, "min_vruntime":    139636350, "avg_vruntime": 114323172310}
[   10.028000] task: {"pid": 41, "on_cpu": false, "cpu": 1, "state": "S", "vruntime":      5951424, "sum_exec":      7000000}
[   10.028000] task: {"pid": 42, "on_cpu": false, "cpu": 1, "state": "R", "vruntime":      5951424, "sum_exec":            0}
[   10.028000] task: {"pid": 43, "on_cpu":  true, "cpu": 1, "state": "R", "vruntime":     19951424, "sum_exec":     21000000}
[   10.029000] rq: {"cpu": 1, "running":  2, "queued":  2, "avg_load":  164, "avg_util":  461, "min_vruntime":    146285700, "avg_vruntime": 114326392435}
[   10.029000] task: {"pid": 41, "on_cpu": false, "cpu": 1, "state": "S", "vruntime":      5951424, "sum_exec":      7000000}
[   10.029000] task: {"pid": 42, "on_cpu": false, "cpu": 1, "state": "R", "vruntime":      5951424, "sum_exec":            0}
[   10.029000] task: {"pid": 43, "on_cpu":  true, "cpu": 1, "state": "R", "vruntime":     20951424, "sum_exec":     22000000}
[   10.030000] rq: {"cpu": 1, "running":  2, "queued":  2, "avg_load":  164, "avg_util":  473, "min_vruntime":    152935050, "avg_vruntime": 114329612561}
[   10.030000] task: {"pid": 41, "on_cpu": false, "cpu": 1, "state": "S", "vruntime":      5951424, "sum_exec":      7000000}
[   10.030000] task: {"pid": 42, "on_cpu": false, "cpu": 1, "state": "R", "vruntime":      5951424, "sum_exec":            0}
[   10.030000] task: {"pid": 43, "on_cpu":  true, "cpu": 1, "state": "R", "vruntime":     21951424, "sum_exec":     23000000}
[   10.031000] [92mExiting driver vruntime_overflow on Linux 6.15.0-rc3-vruntime_overflow_buggy[0m
[   10.031000] reboot: Restarting system
[   10.031000] reboot: machine restart
