2026-04-07 21:21:13,365 SEND OP: 9,137,0,0
2026-04-07 21:21:19,005 Received task states
2026-04-07 21:21:19,005 STEP 0: op=9,137,0,0 executed=True task_state={}
2026-04-07 21:21:19,005 SEND OP: 0,0,0,0
2026-04-07 21:21:19,053 Received task states
2026-04-07 21:21:19,053 STEP 0: op=0,0,0,0 executed=True task_state={0: 'sleeping'}
2026-04-07 21:21:19,053 SEND OP: 6,0,0,0
2026-04-07 21:21:19,203 Received task states
2026-04-07 21:21:19,203 STEP 1: op=6,0,0,0 executed=True task_state={0: 'on_cpu'}
2026-04-07 21:21:19,203 SEND OP: 7,0,-4,0
2026-04-07 21:21:19,340 Received task states
2026-04-07 21:21:19,341 STEP 2: op=7,0,-4,0 executed=True task_state={0: 'on_cpu'}
2026-04-07 21:21:19,341 SEND OP: 7,0,-4,0
2026-04-07 21:21:19,354 Received task states
2026-04-07 21:21:19,354 STEP 3: op=7,0,-4,0 executed=True task_state={0: 'on_cpu'}
2026-04-07 21:21:19,354 SEND OP: 7,0,11,0
2026-04-07 21:21:19,494 Received task states
2026-04-07 21:21:19,494 STEP 4: op=7,0,11,0 executed=True task_state={0: 'on_cpu'}
2026-04-07 21:21:19,494 SEND OP: 3,0,0,0
2026-04-07 21:21:19,695 Received task states
2026-04-07 21:21:19,695 STEP 5: op=3,0,0,0 executed=True task_state={0: 'on_cpu'}
2026-04-07 21:21:19,695 SEND OP: 9,84,0,0
2026-04-07 21:21:22,448 Received task states
2026-04-07 21:21:22,448 STEP 6: op=9,84,0,0 executed=True task_state={0: 'on_cpu'}
2026-04-07 21:21:22,449 SEND OP: 9,136,0,0
2026-04-07 21:21:26,867 Received task states
2026-04-07 21:21:26,867 STEP 6: op=9,136,0,0 executed=True task_state={0: 'on_cpu'}
2026-04-07 21:21:26,867 SEND OP: 7,0,10,0
2026-04-07 21:21:26,888 Received task states
2026-04-07 21:21:26,888 STEP 6: op=7,0,10,0 executed=True task_state={0: 'on_cpu'}
2026-04-07 21:21:26,889 SEND OP: 9,73,0,0
2026-04-07 21:21:29,253 Received task states
2026-04-07 21:21:29,253 STEP 7: op=9,73,0,0 executed=True task_state={0: 'on_cpu'}
2026-04-07 21:21:29,253 SEND OP: 2,0,1,1
2026-04-07 21:21:29,280 Received task states
2026-04-07 21:21:29,280 STEP 7: op=2,0,1,1 executed=True task_state={0: 'on_cpu'}
2026-04-07 21:21:29,281 SEND OP: 7,0,-15,0
2026-04-07 21:21:29,301 Received task states
2026-04-07 21:21:29,301 STEP 8: op=7,0,-15,0 executed=True task_state={0: 'on_cpu'}
2026-04-07 21:21:29,301 SEND OP: 7,0,-12,0
2026-04-07 21:21:29,322 Received task states
2026-04-07 21:21:29,322 STEP 9: op=7,0,-12,0 executed=True task_state={0: 'on_cpu'}
2026-04-07 21:21:29,322 SEND OP: 7,0,3,0
2026-04-07 21:21:29,338 Received task states
2026-04-07 21:21:29,338 STEP 10: op=7,0,3,0 executed=True task_state={0: 'on_cpu'}
2026-04-07 21:21:29,339 SEND OP: 7,0,8,0
2026-04-07 21:21:29,355 Received task states
2026-04-07 21:21:29,355 STEP 11: op=7,0,8,0 executed=True task_state={0: 'on_cpu'}
2026-04-07 21:21:29,355 SEND OP: 9,148,0,0
2026-04-07 21:21:34,231 Received task states
2026-04-07 21:21:34,231 STEP 12: op=9,148,0,0 executed=True task_state={0: 'on_cpu'}
2026-04-07 21:21:34,232 SEND OP: 9,85,0,0
2026-04-07 21:21:36,991 Received task states
2026-04-07 21:21:36,991 STEP 12: op=9,85,0,0 executed=True task_state={0: 'on_cpu'}
2026-04-07 21:21:36,992 SEND OP: 4,0,0,0
2026-04-07 21:21:37,196 Received task states
2026-04-07 21:21:37,196 STEP 12: op=4,0,0,0 executed=True task_state={0: 'on_cpu'}
2026-04-07 21:21:37,196 SEND OP: 3,0,0,0
2026-04-07 21:21:37,368 Received task states
2026-04-07 21:21:37,368 STEP 13: op=3,0,0,0 executed=True task_state={0: 'on_cpu'}
2026-04-07 21:21:37,368 SEND OP: 9,123,0,0
2026-04-07 21:21:41,395 Received task states
2026-04-07 21:21:41,396 STEP 14: op=9,123,0,0 executed=True task_state={0: 'on_cpu'}
2026-04-07 21:21:41,396 SEND OP: 4,0,0,0
2026-04-07 21:21:41,600 Received task states
2026-04-07 21:21:41,600 STEP 14: op=4,0,0,0 executed=True task_state={0: 'on_cpu'}
2026-04-07 21:21:41,601 SEND OP: 2,0,1,1
2026-04-07 21:21:41,628 Received task states
2026-04-07 21:21:41,628 STEP 15: op=2,0,1,1 executed=True task_state={0: 'on_cpu'}
2026-04-07 21:21:41,628 SEND OP: 3,0,0,0
2026-04-07 21:21:41,800 Received task states
2026-04-07 21:21:41,800 STEP 16: op=3,0,0,0 executed=True task_state={0: 'on_cpu'}
2026-04-07 21:21:41,800 SEND OP: 5,0,0,0
2026-04-07 21:21:41,967 Received task states
2026-04-07 21:21:41,967 STEP 17: op=5,0,0,0 executed=True task_state={0: 'sleeping'}
2026-04-07 21:21:41,967 SEND OP: 6,0,0,0
2026-04-07 21:21:42,080 Received task states
2026-04-07 21:21:42,080 STEP 18: op=6,0,0,0 executed=True task_state={0: 'on_cpu'}
2026-04-07 21:21:42,080 SEND OP: 5,0,0,0
2026-04-07 21:21:42,233 Received task states
2026-04-07 21:21:42,233 STEP 19: op=5,0,0,0 executed=True task_state={0: 'sleeping'}
2026-04-07 21:21:42,233 SEND OP: 6,0,0,0
2026-04-07 21:21:42,341 Received task states
2026-04-07 21:21:42,341 STEP 20: op=6,0,0,0 executed=True task_state={0: 'on_cpu'}
2026-04-07 21:21:42,341 SEND OP: 5,0,0,0
2026-04-07 21:21:42,490 Received task states
2026-04-07 21:21:42,490 STEP 21: op=5,0,0,0 executed=True task_state={0: 'sleeping'}
2026-04-07 21:21:42,490 SEND OP: 9,148,0,0
2026-04-07 21:21:48,800 Received task states
2026-04-07 21:21:48,800 STEP 22: op=9,148,0,0 executed=True task_state={0: 'sleeping'}
2026-04-07 21:21:48,800 SEND OP: 6,0,0,0
2026-04-07 21:21:48,938 Received task states
2026-04-07 21:21:48,938 STEP 22: op=6,0,0,0 executed=True task_state={0: 'on_cpu'}
2026-04-07 21:21:48,938 SEND OP: 7,0,-18,0
2026-04-07 21:21:48,959 Received task states
2026-04-07 21:21:48,959 STEP 23: op=7,0,-18,0 executed=True task_state={0: 'on_cpu'}
2026-04-07 21:21:48,959 SEND OP: 9,135,0,0
2026-04-07 21:21:53,383 Received task states
2026-04-07 21:21:53,383 STEP 24: op=9,135,0,0 executed=True task_state={0: 'on_cpu'}
2026-04-07 21:21:53,384 SEND OP: 4,0,0,0
2026-04-07 21:21:53,588 Received task states
2026-04-07 21:21:53,588 STEP 24: op=4,0,0,0 executed=True task_state={0: 'on_cpu'}
2026-04-07 21:21:53,588 SEND OP: 4,0,0,0
2026-04-07 21:21:53,742 Received task states
2026-04-07 21:21:53,742 STEP 25: op=4,0,0,0 executed=True task_state={0: 'on_cpu'}
2026-04-07 21:21:53,742 SEND OP: 2,0,1,1
2026-04-07 21:21:53,770 Received task states
2026-04-07 21:21:53,770 STEP 26: op=2,0,1,1 executed=True task_state={0: 'on_cpu'}
2026-04-07 21:21:53,770 SEND OP: 3,0,0,0
2026-04-07 21:21:53,941 Received task states
2026-04-07 21:21:53,941 STEP 27: op=3,0,0,0 executed=True task_state={0: 'on_cpu'}
2026-04-07 21:21:53,942 SEND OP: 5,0,0,0
2026-04-07 21:21:54,108 Received task states
2026-04-07 21:21:54,108 STEP 28: op=5,0,0,0 executed=True task_state={0: 'sleeping'}
2026-04-07 21:21:54,109 SEND OP: 6,0,0,0
2026-04-07 21:21:54,220 Received task states
2026-04-07 21:21:54,220 STEP 29: op=6,0,0,0 executed=True task_state={0: 'on_cpu'}
2026-04-07 21:21:54,220 SEND OP: 4,0,0,0
2026-04-07 21:21:54,425 Received task states
2026-04-07 21:21:54,425 STEP 30: op=4,0,0,0 executed=True task_state={0: 'on_cpu'}
2026-04-07 21:21:54,425 SEND OP: 9,137,0,0
2026-04-07 21:22:01,562 Received task states
2026-04-07 21:22:01,562 STEP 31: op=9,137,0,0 executed=True task_state={0: 'on_cpu'}
2026-04-07 21:22:01,563 SEND OP: 9,88,0,0
2026-04-07 21:22:06,108 Received task states
2026-04-07 21:22:06,108 STEP 31: op=9,88,0,0 executed=True task_state={0: 'on_cpu'}
2026-04-07 21:22:06,109 SEND OP: 2,0,1,1
2026-04-07 21:22:06,137 Received task states
2026-04-07 21:22:06,138 STEP 31: op=2,0,1,1 executed=True task_state={0: 'on_cpu'}
2026-04-07 21:22:06,138 SEND OP: 3,0,0,0
2026-04-07 21:22:06,339 Received task states
2026-04-07 21:22:06,339 STEP 32: op=3,0,0,0 executed=True task_state={0: 'on_cpu'}
2026-04-07 21:22:06,339 SEND OP: 4,0,0,0
2026-04-07 21:22:06,533 Received task states
2026-04-07 21:22:06,533 STEP 33: op=4,0,0,0 executed=True task_state={0: 'on_cpu'}
2026-04-07 21:22:06,533 SEND OP: 7,0,9,0
2026-04-07 21:22:06,667 Received task states
2026-04-07 21:22:06,667 STEP 34: op=7,0,9,0 executed=True task_state={0: 'on_cpu'}
2026-04-07 21:22:06,667 SEND OP: 2,0,1,1
2026-04-07 21:22:06,695 Received task states
2026-04-07 21:22:06,695 STEP 35: op=2,0,1,1 executed=True task_state={0: 'on_cpu'}
2026-04-07 21:22:06,696 SEND OP: 4,0,0,0
2026-04-07 21:22:06,856 Received task states
2026-04-07 21:22:06,856 STEP 36: op=4,0,0,0 executed=True task_state={0: 'on_cpu'}
2026-04-07 21:22:06,856 SEND OP: 7,0,-19,0
2026-04-07 21:22:06,994 Received task states
2026-04-07 21:22:06,994 STEP 37: op=7,0,-19,0 executed=True task_state={0: 'on_cpu'}
2026-04-07 21:22:06,994 SEND OP: 5,0,0,0
2026-04-07 21:22:07,157 Received task states
2026-04-07 21:22:07,157 STEP 38: op=5,0,0,0 executed=True task_state={0: 'sleeping'}
2026-04-07 21:22:07,157 SEND OP: 6,0,0,0
2026-04-07 21:22:07,302 Received task states
2026-04-07 21:22:07,302 STEP 39: op=6,0,0,0 executed=True task_state={0: 'on_cpu'}
2026-04-07 21:22:07,302 SEND OP: 5,0,0,0
2026-04-07 21:22:07,465 Received task states
2026-04-07 21:22:07,465 STEP 40: op=5,0,0,0 executed=True task_state={0: 'sleeping'}
2026-04-07 21:22:07,465 SEND OP: 9,128,0,0
2026-04-07 21:22:13,328 Received task states
2026-04-07 21:22:13,329 STEP 41: op=9,128,0,0 executed=True task_state={0: 'sleeping'}
2026-04-07 21:22:13,329 SEND OP: 10,-1,0,0
2026-04-07 21:22:13,344 Received task states
2026-04-07 21:22:13,345 STEP 41: op=10,-1,0,0 executed=True task_state={0: 'sleeping'}
2026-04-07 21:22:13,345 SEND OP: 6,0,0,0
2026-04-07 21:22:13,485 Received task states
2026-04-07 21:22:13,485 STEP 42: op=6,0,0,0 executed=True task_state={0: 'on_cpu'}
2026-04-07 21:22:13,485 SEND OP: 3,0,0,0
2026-04-07 21:22:13,685 Received task states
2026-04-07 21:22:13,685 STEP 43: op=3,0,0,0 executed=True task_state={0: 'on_cpu'}
2026-04-07 21:22:13,685 SEND OP: 9,77,0,0
2026-04-07 21:22:16,220 Received task states
2026-04-07 21:22:16,220 STEP 44: op=9,77,0,0 executed=True task_state={0: 'on_cpu'}
2026-04-07 21:22:16,221 SEND OP: 2,0,1,1
2026-04-07 21:22:16,248 Received task states
2026-04-07 21:22:16,248 STEP 44: op=2,0,1,1 executed=True task_state={0: 'on_cpu'}
2026-04-07 21:22:16,248 SEND OP: 9,147,0,0
2026-04-07 21:22:21,049 Received task states
2026-04-07 21:22:21,049 STEP 45: op=9,147,0,0 executed=True task_state={0: 'on_cpu'}
2026-04-07 21:22:21,049 SEND OP: 7,0,3,0
2026-04-07 21:22:21,065 Received task states
2026-04-07 21:22:21,066 STEP 45: op=7,0,3,0 executed=True task_state={0: 'on_cpu'}
2026-04-07 21:22:21,066 SEND OP: 7,0,8,0
2026-04-07 21:22:21,082 Received task states
2026-04-07 21:22:21,082 STEP 46: op=7,0,8,0 executed=True task_state={0: 'on_cpu'}
2026-04-07 21:22:21,082 SEND OP: 13,0,0,0
2026-04-07 21:22:21,324 Received task states
2026-04-07 21:22:21,324 STEP 47: op=13,0,0,0 executed=True task_state={0: 'on_cpu'}
2026-04-07 21:22:21,324 SEND OP: 2,0,1,1
2026-04-07 21:22:21,352 Received task states
2026-04-07 21:22:21,352 STEP 48: op=2,0,1,1 executed=True task_state={0: 'on_cpu'}
2026-04-07 21:22:21,352 SEND OP: 9,90,0,0
2026-04-07 21:22:29,206 Received task states
2026-04-07 21:22:29,207 STEP 49: op=9,90,0,0 executed=True task_state={0: 'on_cpu'}
2026-04-07 21:22:29,207 SEND OP: 13,0,0,0
2026-04-07 21:22:29,219 Received task states
2026-04-07 21:22:29,219 STEP 49: op=13,0,0,0 executed=True task_state={0: 'on_cpu'}
2026-04-07 21:22:29,469 EXIT status: work_conserving_broken=False cfs_util_decay_broken=False rt_util_decay_broken=True
