2026-04-07 21:18:59,429 SEND OP: 10,-1,0,0
2026-04-07 21:18:59,442 Received task states
2026-04-07 21:18:59,442 REPLAY 0: op=10,-1,0,0 executed=True task_state={}
2026-04-07 21:18:59,442 SEND OP: 11,0,1,1
2026-04-07 21:18:59,449 Received task states
2026-04-07 21:18:59,449 REPLAY 1: op=11,0,1,1 executed=True task_state={}
2026-04-07 21:18:59,449 SEND OP: 11,0,1,1
2026-04-07 21:18:59,455 Received task states
2026-04-07 21:18:59,455 REPLAY 2: op=11,0,1,1 executed=True task_state={}
2026-04-07 21:18:59,455 SEND OP: 0,0,0,0
2026-04-07 21:18:59,502 Received task states
2026-04-07 21:18:59,502 REPLAY 3: op=0,0,0,0 executed=True task_state={0: 'sleeping'}
2026-04-07 21:18:59,503 SEND OP: 6,0,0,0
2026-04-07 21:18:59,644 Received task states
2026-04-07 21:18:59,644 REPLAY 4: op=6,0,0,0 executed=True task_state={0: 'on_cpu'}
2026-04-07 21:18:59,644 SEND OP: 5,0,0,0
2026-04-07 21:18:59,807 Received task states
2026-04-07 21:18:59,807 REPLAY 5: op=5,0,0,0 executed=True task_state={0: 'sleeping'}
2026-04-07 21:18:59,807 SEND OP: 6,0,0,0
2026-04-07 21:18:59,938 Received task states
2026-04-07 21:18:59,938 REPLAY 6: op=6,0,0,0 executed=True task_state={0: 'on_cpu'}
2026-04-07 21:18:59,938 SEND OP: 11,0,1,1
2026-04-07 21:18:59,950 Received task states
2026-04-07 21:18:59,950 REPLAY 7: op=11,0,1,1 executed=True task_state={0: 'on_cpu'}
2026-04-07 21:18:59,951 SEND OP: 11,0,1,1
2026-04-07 21:18:59,963 Received task states
2026-04-07 21:18:59,963 REPLAY 8: op=11,0,1,1 executed=True task_state={0: 'on_cpu'}
2026-04-07 21:18:59,963 SEND OP: 13,0,0,0
2026-04-07 21:19:00,006 Received task states
2026-04-07 21:19:00,006 REPLAY 9: op=13,0,0,0 executed=True task_state={0: 'on_cpu'}
2026-04-07 21:19:00,006 SEND OP: 5,0,0,0
2026-04-07 21:19:00,205 Received task states
2026-04-07 21:19:00,206 REPLAY 10: op=5,0,0,0 executed=True task_state={0: 'sleeping'}
2026-04-07 21:19:00,206 SEND OP: 8,0,0,0
2026-04-07 21:19:00,290 Received task states
2026-04-07 21:19:00,290 REPLAY 11: op=8,0,0,0 executed=True task_state={0: 'sleeping'}
2026-04-07 21:19:00,291 SEND OP: 9,143,0,0
2026-04-07 21:19:05,965 Received task states
2026-04-07 21:19:05,966 MUTATE-GEN 0: op=9,143,0,0 executed=True task_state={0: 'sleeping'}
2026-04-07 21:19:05,966 SEND OP: 11,0,1,1
2026-04-07 21:19:05,974 Received task states
2026-04-07 21:19:05,975 MUTATE-GEN 0: op=11,0,1,1 executed=True task_state={0: 'sleeping'}
2026-04-07 21:19:05,975 SEND OP: 11,0,1,1
2026-04-07 21:19:05,983 Received task states
2026-04-07 21:19:05,983 MUTATE-GEN 1: op=11,0,1,1 executed=True task_state={0: 'sleeping'}
2026-04-07 21:19:05,983 SEND OP: 6,0,0,0
2026-04-07 21:19:06,189 Received task states
2026-04-07 21:19:06,190 MUTATE-GEN 2: op=6,0,0,0 executed=True task_state={0: 'on_cpu'}
2026-04-07 21:19:06,190 SEND OP: 5,0,0,0
2026-04-07 21:19:06,397 Received task states
2026-04-07 21:19:06,397 MUTATE-GEN 3: op=5,0,0,0 executed=True task_state={0: 'sleeping'}
2026-04-07 21:19:06,398 SEND OP: 13,0,0,0
2026-04-07 21:19:06,406 Received task states
2026-04-07 21:19:06,406 MUTATE-GEN 4: op=13,0,0,0 executed=True task_state={0: 'sleeping'}
2026-04-07 21:19:06,406 SEND OP: 12,0,6916,0
2026-04-07 21:19:06,414 Received task states
2026-04-07 21:19:06,415 MUTATE-GEN 5: op=12,0,6916,0 executed=True task_state={0: 'sleeping'}
2026-04-07 21:19:06,415 SEND OP: 6,0,0,0
2026-04-07 21:19:06,604 Received task states
2026-04-07 21:19:06,605 MUTATE-GEN 6: op=6,0,0,0 executed=True task_state={0: 'on_cpu'}
2026-04-07 21:19:06,605 SEND OP: 12,0,7906,0
2026-04-07 21:19:06,617 Received task states
2026-04-07 21:19:06,617 MUTATE-GEN 7: op=12,0,7906,0 executed=True task_state={0: 'on_cpu'}
2026-04-07 21:19:06,617 SEND OP: 9,138,0,0
2026-04-07 21:19:18,911 Received task states
2026-04-07 21:19:18,912 MUTATE-GEN 8: op=9,138,0,0 executed=True task_state={0: 'on_cpu'}
2026-04-07 21:19:18,912 SEND OP: 12,0,2935,0
2026-04-07 21:19:18,925 Received task states
2026-04-07 21:19:18,925 MUTATE-GEN 8: op=12,0,2935,0 executed=True task_state={0: 'on_cpu'}
2026-04-07 21:19:18,925 SEND OP: 12,0,9036,0
2026-04-07 21:19:18,937 Received task states
2026-04-07 21:19:18,938 MUTATE-GEN 9: op=12,0,9036,0 executed=True task_state={0: 'on_cpu'}
2026-04-07 21:19:18,938 SEND OP: 5,0,0,0
2026-04-07 21:19:19,152 Received task states
2026-04-07 21:19:19,152 MUTATE-GEN 10: op=5,0,0,0 executed=True task_state={0: 'sleeping'}
2026-04-07 21:19:19,152 SEND OP: 9,127,0,0
2026-04-07 21:19:23,984 Received task states
2026-04-07 21:19:23,984 MUTATE-GEN 11: op=9,127,0,0 executed=True task_state={0: 'sleeping'}
2026-04-07 21:19:23,984 SEND OP: 6,0,0,0
2026-04-07 21:19:24,194 Received task states
2026-04-07 21:19:24,194 MUTATE-GEN 11: op=6,0,0,0 executed=True task_state={0: 'on_cpu'}
2026-04-07 21:19:24,194 SEND OP: 3,0,0,0
2026-04-07 21:19:24,414 Received task states
2026-04-07 21:19:24,414 MUTATE-GEN 12: op=3,0,0,0 executed=True task_state={0: 'on_cpu'}
2026-04-07 21:19:24,414 SEND OP: 9,128,0,0
2026-04-07 21:19:28,577 Received task states
2026-04-07 21:19:28,577 MUTATE-GEN 13: op=9,128,0,0 executed=True task_state={0: 'on_cpu'}
2026-04-07 21:19:28,578 SEND OP: 11,0,1,1
2026-04-07 21:19:28,590 Received task states
2026-04-07 21:19:28,590 MUTATE-GEN 13: op=11,0,1,1 executed=True task_state={0: 'on_cpu'}
2026-04-07 21:19:28,590 SEND OP: 3,0,0,0
2026-04-07 21:19:28,638 Received task states
2026-04-07 21:19:28,638 MUTATE-GEN 14: op=3,0,0,0 executed=True task_state={0: 'on_cpu'}
2026-04-07 21:19:28,638 SEND OP: 2,0,1,1
2026-04-07 21:19:28,665 Received task states
2026-04-07 21:19:28,666 MUTATE-GEN 15: op=2,0,1,1 executed=True task_state={0: 'on_cpu'}
2026-04-07 21:19:28,666 SEND OP: 9,127,0,0
2026-04-07 21:19:32,746 Received task states
2026-04-07 21:19:32,747 MUTATE-GEN 16: op=9,127,0,0 executed=True task_state={0: 'on_cpu'}
2026-04-07 21:19:32,747 SEND OP: 2,0,1,1
2026-04-07 21:19:32,775 Received task states
2026-04-07 21:19:32,775 MUTATE-GEN 16: op=2,0,1,1 executed=True task_state={0: 'on_cpu'}
2026-04-07 21:19:32,775 SEND OP: 12,0,2596,0
2026-04-07 21:19:32,788 Received task states
2026-04-07 21:19:32,788 MUTATE-GEN 17: op=12,0,2596,0 executed=True task_state={0: 'on_cpu'}
2026-04-07 21:19:32,788 SEND OP: 3,0,0,0
2026-04-07 21:19:32,837 Received task states
2026-04-07 21:19:32,837 MUTATE-GEN 18: op=3,0,0,0 executed=True task_state={0: 'on_cpu'}
2026-04-07 21:19:32,837 SEND OP: 7,0,2,0
2026-04-07 21:19:32,854 Received task states
2026-04-07 21:19:32,854 MUTATE-GEN 19: op=7,0,2,0 executed=True task_state={0: 'on_cpu'}
2026-04-07 21:19:32,854 SEND OP: 9,100,0,0
2026-04-07 21:19:36,086 Received task states
2026-04-07 21:19:36,086 MUTATE-GEN 20: op=9,100,0,0 executed=True task_state={0: 'on_cpu'}
2026-04-07 21:19:36,086 SEND OP: 9,68,0,0
2026-04-07 21:19:38,321 Received task states
2026-04-07 21:19:38,321 MUTATE-GEN 20: op=9,68,0,0 executed=True task_state={0: 'on_cpu'}
2026-04-07 21:19:38,321 SEND OP: 2,0,1,1
2026-04-07 21:19:38,348 Received task states
2026-04-07 21:19:38,349 MUTATE-GEN 20: op=2,0,1,1 executed=True task_state={0: 'on_cpu'}
2026-04-07 21:19:38,349 SEND OP: 9,72,0,0
2026-04-07 21:19:40,702 Received task states
2026-04-07 21:19:40,703 MUTATE-GEN 21: op=9,72,0,0 executed=True task_state={0: 'on_cpu'}
2026-04-07 21:19:40,703 SEND OP: 5,0,0,0
2026-04-07 21:19:40,875 Received task states
2026-04-07 21:19:40,875 MUTATE-GEN 21: op=5,0,0,0 executed=True task_state={0: 'sleeping'}
2026-04-07 21:19:40,875 SEND OP: 6,0,0,0
2026-04-07 21:19:40,987 Received task states
2026-04-07 21:19:40,988 MUTATE-GEN 22: op=6,0,0,0 executed=True task_state={0: 'on_cpu'}
2026-04-07 21:19:40,988 SEND OP: 5,0,0,0
2026-04-07 21:19:41,171 Received task states
2026-04-07 21:19:41,171 MUTATE-GEN 23: op=5,0,0,0 executed=True task_state={0: 'sleeping'}
2026-04-07 21:19:41,171 SEND OP: 6,0,0,0
2026-04-07 21:19:41,279 Received task states
2026-04-07 21:19:41,279 MUTATE-GEN 24: op=6,0,0,0 executed=True task_state={0: 'on_cpu'}
2026-04-07 21:19:41,279 SEND OP: 4,0,0,0
2026-04-07 21:19:41,477 Received task states
2026-04-07 21:19:41,477 MUTATE-GEN 25: op=4,0,0,0 executed=True task_state={0: 'on_cpu'}
2026-04-07 21:19:41,477 SEND OP: 3,0,0,0
2026-04-07 21:19:41,648 Received task states
2026-04-07 21:19:41,648 MUTATE-GEN 26: op=3,0,0,0 executed=True task_state={0: 'on_cpu'}
2026-04-07 21:19:41,648 SEND OP: 2,0,1,1
2026-04-07 21:19:41,675 Received task states
2026-04-07 21:19:41,675 MUTATE-GEN 27: op=2,0,1,1 executed=True task_state={0: 'on_cpu'}
2026-04-07 21:19:41,676 SEND OP: 9,92,0,0
2026-04-07 21:19:44,601 Received task states
2026-04-07 21:19:44,601 MUTATE-GEN 28: op=9,92,0,0 executed=True task_state={0: 'on_cpu'}
2026-04-07 21:19:44,602 SEND OP: 9,117,0,0
2026-04-07 21:19:48,441 Received task states
2026-04-07 21:19:48,442 MUTATE-GEN 28: op=9,117,0,0 executed=True task_state={0: 'on_cpu'}
2026-04-07 21:19:48,442 SEND OP: 13,0,0,0
2026-04-07 21:19:48,683 Received task states
2026-04-07 21:19:48,683 MUTATE-GEN 28: op=13,0,0,0 executed=True task_state={0: 'on_cpu'}
2026-04-07 21:19:48,684 SEND OP: 9,122,0,0
2026-04-07 21:19:59,538 Received task states
2026-04-07 21:19:59,538 MUTATE-GEN 29: op=9,122,0,0 executed=True task_state={0: 'on_cpu'}
2026-04-07 21:19:59,538 SEND OP: 12,0,1903,0
2026-04-07 21:19:59,551 Received task states
2026-04-07 21:19:59,551 MUTATE-GEN 29: op=12,0,1903,0 executed=True task_state={0: 'on_cpu'}
2026-04-07 21:19:59,551 SEND OP: 13,0,0,0
2026-04-07 21:19:59,563 Received task states
2026-04-07 21:19:59,564 MUTATE-GEN 30: op=13,0,0,0 executed=True task_state={0: 'on_cpu'}
2026-04-07 21:19:59,564 SEND OP: 12,0,4680,0
2026-04-07 21:19:59,576 Received task states
2026-04-07 21:19:59,576 MUTATE-GEN 31: op=12,0,4680,0 executed=True task_state={0: 'on_cpu'}
2026-04-07 21:19:59,577 SEND OP: 11,0,1,1
2026-04-07 21:19:59,589 Received task states
2026-04-07 21:19:59,589 MUTATE-GEN 32: op=11,0,1,1 executed=True task_state={0: 'on_cpu'}
2026-04-07 21:19:59,589 SEND OP: 9,83,0,0
2026-04-07 21:20:07,003 Received task states
2026-04-07 21:20:07,003 MUTATE-GEN 33: op=9,83,0,0 executed=True task_state={0: 'on_cpu'}
2026-04-07 21:20:07,003 SEND OP: 5,0,0,0
2026-04-07 21:20:07,220 Received task states
2026-04-07 21:20:07,220 MUTATE-GEN 33: op=5,0,0,0 executed=True task_state={0: 'sleeping'}
2026-04-07 21:20:07,220 SEND OP: 11,0,1,1
2026-04-07 21:20:07,229 Received task states
2026-04-07 21:20:07,230 MUTATE-GEN 34: op=11,0,1,1 executed=True task_state={0: 'sleeping'}
2026-04-07 21:20:07,230 SEND OP: 11,0,1,1
2026-04-07 21:20:07,238 Received task states
2026-04-07 21:20:07,238 MUTATE-GEN 35: op=11,0,1,1 executed=True task_state={0: 'sleeping'}
2026-04-07 21:20:07,238 SEND OP: 6,0,0,0
2026-04-07 21:20:07,447 Received task states
2026-04-07 21:20:07,447 MUTATE-GEN 36: op=6,0,0,0 executed=True task_state={0: 'on_cpu'}
2026-04-07 21:20:07,447 SEND OP: 11,0,1,1
2026-04-07 21:20:07,460 Received task states
2026-04-07 21:20:07,460 MUTATE-GEN 37: op=11,0,1,1 executed=True task_state={0: 'on_cpu'}
2026-04-07 21:20:07,710 EXIT status: work_conserving_broken=False cfs_util_decay_broken=False rt_util_decay_broken=True
